   #Iter           <M>_x           <M>_y           <M>_z             <M>        M_{stdv}
       0  0.00000000E+00  0.00000000E+00  2.60303542E+00  2.60303542E+00  0.00000000E+00
     100  9.56031108E-04 -9.68332112E-04  2.60660451E+00  2.60660487E+00  0.00000000E+00
     200  3.91945338E-04 -1.48325816E-04  2.61323821E+00  2.61323824E+00  0.00000000E+00
     300  5.52795730E-04 -1.12844055E-04  2.61709910E+00  2.61709916E+00  0.00000000E+00
     400  6.31959932E-04 -3.99927833E-05  2.62005030E+00  2.62005037E+00  0.00000000E+00
     500  6.82502062E-04  8.64496966E-05  2.62325850E+00  2.62325859E+00  0.00000000E+00
     600  7.15527895E-04  2.22560490E-04  2.62694949E+00  2.62694960E+00  0.00000000E+00
     700  7.37264727E-04  3.39372150E-04  2.63097195E+00  2.63097208E+00  0.00000000E+00
     800  7.43334607E-04  4.38227668E-04  2.63512316E+00  2.63512330E+00  0.00000000E+00
     900  7.33174852E-04  5.09672684E-04  2.63923855E+00  2.63923870E+00  0.00000000E+00
    1000  7.14175627E-04  5.56761793E-04  2.64321279E+00  2.64321295E+00  0.00000000E+00
    1100  6.73012443E-04  5.94504482E-04  2.64698699E+00  2.64698714E+00  0.00000000E+00
    1200  6.23118385E-04  6.14297897E-04  2.65052775E+00  2.65052789E+00  0.00000000E+00
    1300  5.61736338E-04  6.24964244E-04  2.65382788E+00  2.65382801E+00  0.00000000E+00
    1400  4.91289512E-04  6.16534319E-04  2.65688769E+00  2.65688780E+00  0.00000000E+00
    1500  4.24671245E-04  6.16276374E-04  2.65971753E+00  2.65971764E+00  0.00000000E+00
    1600  3.44694201E-04  6.08655400E-04  2.66233393E+00  2.66233402E+00  0.00000000E+00
    1700  2.64037579E-04  5.96049089E-04  2.66474957E+00  2.66474965E+00  0.00000000E+00
    1800  1.81069931E-04  5.74088319E-04  2.66697881E+00  2.66697887E+00  0.00000000E+00
    1900  8.81136824E-05  5.60769251E-04  2.66903341E+00  2.66903347E+00  0.00000000E+00
    2000  9.53216013E-07  5.30821053E-04  2.67092625E+00  2.67092630E+00  0.00000000E+00
    2100 -7.45217038E-05  5.01686989E-04  2.67266630E+00  2.67266635E+00  0.00000000E+00
    2200 -1.43662517E-04  4.68106048E-04  2.67426279E+00  2.67426283E+00  0.00000000E+00
    2300 -2.11142053E-04  4.33244315E-04  2.67572326E+00  2.67572330E+00  0.00000000E+00
    2400 -2.68102288E-04  4.01109863E-04  2.67705523E+00  2.67705528E+00  0.00000000E+00
    2500 -3.13624738E-04  3.78372609E-04  2.67826405E+00  2.67826410E+00  0.00000000E+00
    2600 -3.50376485E-04  3.45882549E-04  2.67935767E+00  2.67935772E+00  0.00000000E+00
    2700 -3.85092061E-04  2.99441700E-04  2.68033733E+00  2.68033737E+00  0.00000000E+00
    2800 -4.04915978E-04  2.53003901E-04  2.68120936E+00  2.68120941E+00  0.00000000E+00
    2900 -4.18262081E-04  2.20744293E-04  2.68197885E+00  2.68197889E+00  0.00000000E+00
    3000 -4.31533873E-04  1.81094803E-04  2.68264973E+00  2.68264977E+00  0.00000000E+00
    3100 -4.30465695E-04  1.50278673E-04  2.68322361E+00  2.68322365E+00  0.00000000E+00
    3200 -4.23166055E-04  1.14763064E-04  2.68370649E+00  2.68370652E+00  0.00000000E+00
    3300 -4.09156968E-04  8.41323948E-05  2.68410139E+00  2.68410143E+00  0.00000000E+00
    3400 -3.99810948E-04  5.30973480E-05  2.68441288E+00  2.68441291E+00  0.00000000E+00
    3500 -3.78668071E-04  2.85770045E-05  2.68464356E+00  2.68464358E+00  0.00000000E+00
    3600 -3.59492749E-04 -5.27305214E-06  2.68479802E+00  2.68479804E+00  0.00000000E+00
    3700 -3.37211435E-04 -2.92569129E-05  2.68488179E+00  2.68488181E+00  0.00000000E+00
    3800 -3.22006516E-04 -5.09003136E-05  2.68489743E+00  2.68489745E+00  0.00000000E+00
    3900 -2.88280804E-04 -6.90023776E-05  2.68485004E+00  2.68485006E+00  0.00000000E+00
    4000 -2.72036818E-04 -8.57717707E-05  2.68474212E+00  2.68474214E+00  0.00000000E+00
    4100 -2.45150384E-04 -1.01088605E-04  2.68458147E+00  2.68458148E+00  0.00000000E+00
    4200 -2.18173691E-04 -1.14123195E-04  2.68436932E+00  2.68436933E+00  0.00000000E+00
    4300 -1.92338397E-04 -1.29575740E-04  2.68411312E+00  2.68411313E+00  0.00000000E+00
    4400 -1.64426577E-04 -1.42831834E-04  2.68381514E+00  2.68381515E+00  0.00000000E+00
    4500 -1.42716161E-04 -1.46509862E-04  2.68347963E+00  2.68347964E+00  0.00000000E+00
    4600 -1.19609515E-04 -1.46211985E-04  2.68311212E+00  2.68311213E+00  0.00000000E+00
    4700 -9.71940284E-05 -1.48887478E-04  2.68271520E+00  2.68271521E+00  0.00000000E+00
    4800 -7.41075802E-05 -1.53309924E-04  2.68229204E+00  2.68229204E+00  0.00000000E+00
    4900 -5.68132617E-05 -1.39974363E-04  2.68184794E+00  2.68184794E+00  0.00000000E+00
    5000 -3.94339325E-05 -1.37128053E-04  2.68138773E+00  2.68138774E+00  0.00000000E+00
    5100 -1.83692005E-05 -1.28282753E-04  2.68091150E+00  2.68091150E+00  0.00000000E+00
    5200 -1.00711549E-05 -1.18229082E-04  2.68042375E+00  2.68042375E+00  0.00000000E+00
    5300  8.05322876E-06 -1.11656991E-04  2.67992825E+00  2.67992825E+00  0.00000000E+00
    5400  2.40109306E-05 -1.01066237E-04  2.67942725E+00  2.67942725E+00  0.00000000E+00
    5500  3.03084177E-05 -9.37402754E-05  2.67892290E+00  2.67892291E+00  0.00000000E+00
    5600  3.50214147E-05 -8.42325780E-05  2.67841921E+00  2.67841921E+00  0.00000000E+00
    5700  3.13811598E-05 -7.06735198E-05  2.67791643E+00  2.67791644E+00  0.00000000E+00
    5800  2.71623509E-05 -6.22325240E-05  2.67741836E+00  2.67741836E+00  0.00000000E+00
    5900  3.37643247E-05 -6.42142960E-05  2.67692561E+00  2.67692561E+00  0.00000000E+00
    6000  3.04490827E-05 -5.32514637E-05  2.67644074E+00  2.67644074E+00  0.00000000E+00
    6100  3.61891987E-05 -4.55359770E-05  2.67596314E+00  2.67596314E+00  0.00000000E+00
    6200  2.42695072E-05 -3.54172459E-05  2.67549767E+00  2.67549767E+00  0.00000000E+00
    6300  2.66492729E-05 -2.50630389E-05  2.67504396E+00  2.67504396E+00  0.00000000E+00
    6400  2.31566617E-05 -2.46500089E-05  2.67460256E+00  2.67460256E+00  0.00000000E+00
    6500  1.78159386E-05 -2.42134316E-05  2.67417578E+00  2.67417578E+00  0.00000000E+00
    6600  1.74148309E-05 -1.33746069E-05  2.67376279E+00  2.67376279E+00  0.00000000E+00
    6700  1.23479475E-05 -1.24272224E-05  2.67336421E+00  2.67336421E+00  0.00000000E+00
    6800  2.94119496E-06 -1.44152224E-06  2.67298254E+00  2.67298254E+00  0.00000000E+00
    6900 -2.36238953E-06 -3.79330517E-07  2.67261772E+00  2.67261772E+00  0.00000000E+00
    7000 -1.07285920E-05 -6.38802571E-06  2.67227114E+00  2.67227114E+00  0.00000000E+00
    7100 -1.18154268E-05 -9.87726487E-06  2.67193888E+00  2.67193888E+00  0.00000000E+00
    7200 -9.49986900E-06 -8.49163275E-06  2.67162517E+00  2.67162517E+00  0.00000000E+00
    7300 -5.50498221E-06 -5.51137743E-06  2.67133004E+00  2.67133004E+00  0.00000000E+00
    7400 -1.36992405E-05 -1.09788867E-05  2.67105246E+00  2.67105246E+00  0.00000000E+00
    7500 -1.51334601E-05 -5.34717551E-06  2.67079189E+00  2.67079189E+00  0.00000000E+00
    7600 -1.49726453E-05  1.76623942E-08  2.67054909E+00  2.67054909E+00  0.00000000E+00
    7700 -1.32435706E-05  1.55106237E-06  2.67032427E+00  2.67032427E+00  0.00000000E+00
    7800 -1.92522498E-05  6.47150629E-06  2.67011562E+00  2.67011562E+00  0.00000000E+00
    7900 -2.08302566E-05  4.48502751E-06  2.66992276E+00  2.66992276E+00  0.00000000E+00
    8000 -2.71003958E-05  6.04797360E-06  2.66974669E+00  2.66974669E+00  0.00000000E+00
    8100 -2.92601549E-05  2.13945176E-06  2.66958578E+00  2.66958578E+00  0.00000000E+00
    8200 -3.44684483E-05  1.07439119E-06  2.66944052E+00  2.66944052E+00  0.00000000E+00
    8300 -3.90191337E-05  7.07316907E-06  2.66930988E+00  2.66930988E+00  0.00000000E+00
    8400 -4.92316664E-05  8.03978403E-06  2.66919233E+00  2.66919233E+00  0.00000000E+00
    8500 -4.93252333E-05  1.01529243E-05  2.66909082E+00  2.66909082E+00  0.00000000E+00
    8600 -4.85584878E-05  4.67122873E-06  2.66900077E+00  2.66900077E+00  0.00000000E+00
    8700 -4.60025320E-05  1.06828757E-05  2.66892358E+00  2.66892358E+00  0.00000000E+00
    8800 -4.13792785E-05  1.02525669E-05  2.66885663E+00  2.66885663E+00  0.00000000E+00
    8900 -4.79731832E-05  1.12532113E-05  2.66880169E+00  2.66880169E+00  0.00000000E+00
    9000 -5.15079449E-05  5.76518984E-06  2.66875811E+00  2.66875812E+00  0.00000000E+00
    9100 -5.29262299E-05  1.11647671E-06  2.66872546E+00  2.66872546E+00  0.00000000E+00
    9200 -4.96737099E-05  2.01511220E-06  2.66870396E+00  2.66870396E+00  0.00000000E+00
    9300 -4.85809360E-05 -4.13420366E-06  2.66868923E+00  2.66868923E+00  0.00000000E+00
    9400 -4.82021692E-05 -7.21012788E-06  2.66868318E+00  2.66868318E+00  0.00000000E+00
    9500 -4.43005152E-05 -4.91759281E-06  2.66868430E+00  2.66868430E+00  0.00000000E+00
    9600 -4.65809592E-05 -5.45573359E-06  2.66869289E+00  2.66869289E+00  0.00000000E+00
    9700 -4.49521409E-05 -6.97188279E-06  2.66870750E+00  2.66870750E+00  0.00000000E+00
    9800 -5.56040171E-05 -3.43618133E-06  2.66872877E+00  2.66872877E+00  0.00000000E+00
    9900 -5.77426785E-05 -8.89163846E-06  2.66875740E+00  2.66875740E+00  0.00000000E+00
   10000 -5.87951730E-05 -6.90915493E-06  2.66879039E+00  2.66879039E+00  0.00000000E+00
   10100 -6.76447547E-05 -1.09861328E-06  2.66882874E+00  2.66882874E+00  0.00000000E+00
   10200 -6.83661723E-05 -1.13152425E-05  2.66887069E+00  2.66887069E+00  0.00000000E+00
   10300 -6.29087600E-05 -1.66943466E-05  2.66891477E+00  2.66891478E+00  0.00000000E+00
   10400 -6.60727498E-05 -1.95229720E-05  2.66896230E+00  2.66896230E+00  0.00000000E+00
   10500 -7.05468903E-05 -1.63272238E-05  2.66901331E+00  2.66901331E+00  0.00000000E+00
   10600 -7.29091743E-05 -2.03140878E-05  2.66906667E+00  2.66906667E+00  0.00000000E+00
   10700 -6.91658202E-05 -2.19747586E-05  2.66912345E+00  2.66912345E+00  0.00000000E+00
   10800 -7.52120115E-05 -2.10847333E-05  2.66918216E+00  2.66918216E+00  0.00000000E+00
   10900 -7.52424254E-05 -2.67335566E-05  2.66924188E+00  2.66924188E+00  0.00000000E+00
   11000 -7.36108893E-05 -3.27984241E-05  2.66930203E+00  2.66930203E+00  0.00000000E+00
   11100 -7.17253517E-05 -2.84327330E-05  2.66936298E+00  2.66936298E+00  0.00000000E+00
   11200 -7.06228293E-05 -2.09950495E-05  2.66942234E+00  2.66942234E+00  0.00000000E+00
   11300 -6.86199222E-05 -2.04830886E-05  2.66948414E+00  2.66948414E+00  0.00000000E+00
   11400 -6.46846969E-05 -2.25082294E-05  2.66954515E+00  2.66954515E+00  0.00000000E+00
   11500 -6.54901488E-05 -2.42975799E-05  2.66960684E+00  2.66960685E+00  0.00000000E+00
   11600 -6.45172248E-05 -2.92432067E-05  2.66966783E+00  2.66966783E+00  0.00000000E+00
   11700 -6.41573209E-05 -2.50988182E-05  2.66972884E+00  2.66972885E+00  0.00000000E+00
   11800 -6.79468134E-05 -2.46813113E-05  2.66978930E+00  2.66978930E+00  0.00000000E+00
   11900 -6.77057902E-05 -2.88083446E-05  2.66984797E+00  2.66984797E+00  0.00000000E+00
   12000 -6.42839259E-05 -2.66263898E-05  2.66990605E+00  2.66990605E+00  0.00000000E+00
   12100 -6.43170080E-05 -2.75973275E-05  2.66996239E+00  2.66996239E+00  0.00000000E+00
   12200 -5.97015739E-05 -2.83159808E-05  2.67001794E+00  2.67001794E+00  0.00000000E+00
   12300 -5.19131781E-05 -2.62609024E-05  2.67007113E+00  2.67007113E+00  0.00000000E+00
   12400 -5.26855684E-05 -1.37147967E-05  2.67012328E+00  2.67012328E+00  0.00000000E+00
   12500 -5.04727058E-05 -1.68875197E-05  2.67017219E+00  2.67017219E+00  0.00000000E+00
   12600 -5.93780656E-05 -1.74924244E-05  2.67022020E+00  2.67022020E+00  0.00000000E+00
   12700 -6.24495209E-05 -2.14938821E-05  2.67026639E+00  2.67026639E+00  0.00000000E+00
   12800 -6.60496958E-05 -1.92117834E-05  2.67031001E+00  2.67031001E+00  0.00000000E+00
   12900 -6.67352288E-05 -2.07805933E-05  2.67035320E+00  2.67035320E+00  0.00000000E+00
   13000 -7.77302498E-05 -1.96774688E-05  2.67039373E+00  2.67039374E+00  0.00000000E+00
   13100 -7.39931157E-05 -2.83940748E-05  2.67043203E+00  2.67043203E+00  0.00000000E+00
   13200 -6.65205915E-05 -3.18953296E-05  2.67046705E+00  2.67046705E+00  0.00000000E+00
   13300 -6.85875454E-05 -3.10767664E-05  2.67050107E+00  2.67050107E+00  0.00000000E+00
   13400 -6.89348230E-05 -3.82123543E-05  2.67053406E+00  2.67053406E+00  0.00000000E+00
   13500 -6.70271290E-05 -4.50334313E-05  2.67056445E+00  2.67056445E+00  0.00000000E+00
   13600 -6.35801114E-05 -4.55069345E-05  2.67059249E+00  2.67059249E+00  0.00000000E+00
   13700 -5.33214883E-05 -4.50656628E-05  2.67061978E+00  2.67061978E+00  0.00000000E+00
   13800 -5.17986741E-05 -3.86995028E-05  2.67064295E+00  2.67064295E+00  0.00000000E+00
   13900 -5.48876542E-05 -3.57944857E-05  2.67066427E+00  2.67066427E+00  0.00000000E+00
   14000 -5.32809855E-05 -2.87508156E-05  2.67068326E+00  2.67068326E+00  0.00000000E+00
   14100 -5.44118206E-05 -2.95688078E-05  2.67070162E+00  2.67070162E+00  0.00000000E+00
   14200 -5.79029496E-05 -1.85912625E-05  2.67071857E+00  2.67071857E+00  0.00000000E+00
   14300 -5.50590544E-05 -2.11423113E-05  2.67073165E+00  2.67073165E+00  0.00000000E+00
   14400 -5.53524821E-05 -2.41222761E-05  2.67074611E+00  2.67074611E+00  0.00000000E+00
   14500 -5.79248117E-05 -2.95050830E-05  2.67075738E+00  2.67075738E+00  0.00000000E+00
   14600 -5.96179202E-05 -2.37545249E-05  2.67076982E+00  2.67076982E+00  0.00000000E+00
   14700 -5.45843462E-05 -2.65067151E-05  2.67077967E+00  2.67077967E+00  0.00000000E+00
   14800 -5.49572475E-05 -2.82877014E-05  2.67078791E+00  2.67078791E+00  0.00000000E+00
   14900 -5.12897489E-05 -3.62024066E-05  2.67079522E+00  2.67079522E+00  0.00000000E+00
   15000 -4.63853273E-05 -3.56239779E-05  2.67080111E+00  2.67080111E+00  0.00000000E+00
   15100 -4.50885799E-05 -2.99553930E-05  2.67080736E+00  2.67080736E+00  0.00000000E+00
   15200 -4.47450046E-05 -3.45946293E-05  2.67080990E+00  2.67080991E+00  0.00000000E+00
   15300 -5.02326579E-05 -3.30483258E-05  2.67081084E+00  2.67081084E+00  0.00000000E+00
   15400 -5.63194557E-05 -3.43628587E-05  2.67081185E+00  2.67081185E+00  0.00000000E+00
   15500 -5.52223367E-05 -2.49215058E-05  2.67081228E+00  2.67081228E+00  0.00000000E+00
   15600 -5.20623645E-05 -2.77511112E-05  2.67081175E+00  2.67081175E+00  0.00000000E+00
   15700 -5.73301863E-05 -2.72836773E-05  2.67081026E+00  2.67081026E+00  0.00000000E+00
   15800 -5.76118531E-05 -2.61797637E-05  2.67080798E+00  2.67080799E+00  0.00000000E+00
   15900 -6.00171128E-05 -3.01527595E-05  2.67080506E+00  2.67080506E+00  0.00000000E+00
   16000 -5.72962671E-05 -2.98275182E-05  2.67080100E+00  2.67080100E+00  0.00000000E+00
   16100 -5.59225600E-05 -3.24632726E-05  2.67079702E+00  2.67079702E+00  0.00000000E+00
   16200 -5.78938234E-05 -3.82860489E-05  2.67079268E+00  2.67079268E+00  0.00000000E+00
   16300 -6.06787924E-05 -4.58877476E-05  2.67078738E+00  2.67078738E+00  0.00000000E+00
   16400 -5.35223642E-05 -4.56152647E-05  2.67078157E+00  2.67078157E+00  0.00000000E+00
   16500 -5.40147907E-05 -4.82689073E-05  2.67077546E+00  2.67077546E+00  0.00000000E+00
   16600 -5.15678310E-05 -4.82855438E-05  2.67077039E+00  2.67077039E+00  0.00000000E+00
   16700 -5.09946719E-05 -4.92698599E-05  2.67076304E+00  2.67076304E+00  0.00000000E+00
   16800 -4.71841437E-05 -4.86836346E-05  2.67075843E+00  2.67075843E+00  0.00000000E+00
   16900 -4.33545447E-05 -4.53812697E-05  2.67075228E+00  2.67075228E+00  0.00000000E+00
   17000 -4.05319909E-05 -4.60418479E-05  2.67074514E+00  2.67074514E+00  0.00000000E+00
   17100 -4.42387138E-05 -3.82762872E-05  2.67073974E+00  2.67073974E+00  0.00000000E+00
   17200 -4.51398176E-05 -3.77311580E-05  2.67073424E+00  2.67073424E+00  0.00000000E+00
   17300 -4.22784934E-05 -3.50336161E-05  2.67072761E+00  2.67072761E+00  0.00000000E+00
   17400 -3.54525511E-05 -2.63673830E-05  2.67072115E+00  2.67072115E+00  0.00000000E+00
   17500 -3.18064036E-05 -2.12539243E-05  2.67071412E+00  2.67071412E+00  0.00000000E+00
   17600 -3.91715124E-05 -2.66436785E-05  2.67070538E+00  2.67070538E+00  0.00000000E+00
   17700 -3.51199081E-05 -2.38170928E-05  2.67069957E+00  2.67069957E+00  0.00000000E+00
   17800 -2.58302769E-05 -1.59999915E-05  2.67069314E+00  2.67069314E+00  0.00000000E+00
   17900 -2.55558695E-05 -1.48078566E-05  2.67068593E+00  2.67068593E+00  0.00000000E+00
   18000 -2.36630380E-05 -1.56821646E-05  2.67067822E+00  2.67067822E+00  0.00000000E+00
   18100 -2.59530623E-05 -1.47178116E-05  2.67067283E+00  2.67067283E+00  0.00000000E+00
   18200 -3.27726752E-05 -7.49981839E-06  2.67066637E+00  2.67066637E+00  0.00000000E+00
   18300 -3.62549515E-05 -2.77645675E-08  2.67065944E+00  2.67065944E+00  0.00000000E+00
   18400 -3.96718697E-05 -5.35634943E-06  2.67065388E+00  2.67065388E+00  0.00000000E+00
   18500 -3.63559581E-05 -7.66454950E-06  2.67064813E+00  2.67064813E+00  0.00000000E+00
   18600 -3.24457628E-05 -7.06546890E-06  2.67064122E+00  2.67064122E+00  0.00000000E+00
   18700 -4.66200364E-05 -5.82948946E-06  2.67063597E+00  2.67063597E+00  0.00000000E+00
   18800 -4.81420928E-05 -1.49144745E-05  2.67063136E+00  2.67063136E+00  0.00000000E+00
   18900 -5.28294151E-05 -1.68654570E-05  2.67062535E+00  2.67062535E+00  0.00000000E+00
   19000 -5.27013250E-05 -1.56759462E-05  2.67061928E+00  2.67061928E+00  0.00000000E+00
   19100 -5.60804545E-05 -1.02053881E-05  2.67061489E+00  2.67061489E+00  0.00000000E+00
   19200 -6.05182645E-05 -9.97730780E-06  2.67061127E+00  2.67061127E+00  0.00000000E+00
   19300 -5.58212507E-05 -8.37876293E-06  2.67060645E+00  2.67060645E+00  0.00000000E+00
   19400 -5.74766841E-05 -5.08169165E-06  2.67060269E+00  2.67060269E+00  0.00000000E+00
   19500 -5.62724445E-05 -4.24875830E-06  2.67059858E+00  2.67059858E+00  0.00000000E+00
   19600 -6.12271982E-05 -1.49310418E-05  2.67059528E+00  2.67059528E+00  0.00000000E+00
   19700 -5.57462653E-05 -1.48656341E-05  2.67059242E+00  2.67059242E+00  0.00000000E+00
   19800 -6.03518837E-05 -1.01284147E-05  2.67059071E+00  2.67059071E+00  0.00000000E+00
   19900 -6.68530090E-05 -1.11008827E-05  2.67058885E+00  2.67058885E+00  0.00000000E+00
   20000 -7.16292475E-05 -1.18577899E-05  2.67058726E+00  2.67058726E+00  0.00000000E+00
   20100 -7.77088108E-05 -1.19919353E-05  2.67058558E+00  2.67058558E+00  0.00000000E+00
   20200 -7.55883214E-05 -1.48615356E-05  2.67058435E+00  2.67058435E+00  0.00000000E+00
   20300 -7.01411317E-05 -1.45292277E-05  2.67058308E+00  2.67058308E+00  0.00000000E+00
   20400 -7.46805413E-05 -1.50123733E-05  2.67058120E+00  2.67058120E+00  0.00000000E+00
   20500 -7.16139815E-05 -2.20272134E-05  2.67057879E+00  2.67057879E+00  0.00000000E+00
   20600 -7.27484379E-05 -2.39387782E-05  2.67057672E+00  2.67057672E+00  0.00000000E+00
   20700 -7.67056257E-05 -2.94102894E-05  2.67057530E+00  2.67057530E+00  0.00000000E+00
   20800 -7.08716216E-05 -3.04526102E-05  2.67057525E+00  2.67057525E+00  0.00000000E+00
   20900 -7.09360613E-05 -2.98384430E-05  2.67057609E+00  2.67057610E+00  0.00000000E+00
   21000 -6.82092900E-05 -2.79017379E-05  2.67057562E+00  2.67057562E+00  0.00000000E+00
   21100 -6.96929878E-05 -2.73559572E-05  2.67057559E+00  2.67057559E+00  0.00000000E+00
   21200 -6.69676411E-05 -2.78562553E-05  2.67057536E+00  2.67057536E+00  0.00000000E+00
   21300 -7.29222657E-05 -2.97564087E-05  2.67057610E+00  2.67057610E+00  0.00000000E+00
   21400 -7.15319805E-05 -3.13121149E-05  2.67057717E+00  2.67057717E+00  0.00000000E+00
   21500 -7.08145430E-05 -2.93618883E-05  2.67057592E+00  2.67057592E+00  0.00000000E+00
   21600 -6.97318842E-05 -3.43277816E-05  2.67057526E+00  2.67057526E+00  0.00000000E+00
   21700 -6.50697401E-05 -3.41340101E-05  2.67057548E+00  2.67057548E+00  0.00000000E+00
   21800 -6.22062088E-05 -3.91395899E-05  2.67057474E+00  2.67057474E+00  0.00000000E+00
   21900 -5.56604136E-05 -3.71189082E-05  2.67057404E+00  2.67057404E+00  0.00000000E+00
   22000 -5.64900111E-05 -3.98162018E-05  2.67057530E+00  2.67057530E+00  0.00000000E+00
   22100 -6.14161660E-05 -3.82661945E-05  2.67057670E+00  2.67057670E+00  0.00000000E+00
   22200 -5.35477899E-05 -2.74065218E-05  2.67057752E+00  2.67057752E+00  0.00000000E+00
   22300 -5.08147194E-05 -2.72187682E-05  2.67057587E+00  2.67057587E+00  0.00000000E+00
   22400 -4.41274785E-05 -3.03752991E-05  2.67057763E+00  2.67057763E+00  0.00000000E+00
   22500 -4.75999075E-05 -2.67006402E-05  2.67057843E+00  2.67057843E+00  0.00000000E+00
   22600 -4.11418472E-05 -2.79236948E-05  2.67058073E+00  2.67058073E+00  0.00000000E+00
   22700 -4.07337850E-05 -3.27713077E-05  2.67058146E+00  2.67058146E+00  0.00000000E+00
   22800 -4.06485647E-05 -2.78037816E-05  2.67058257E+00  2.67058257E+00  0.00000000E+00
   22900 -4.69990573E-05 -1.44343838E-05  2.67058443E+00  2.67058443E+00  0.00000000E+00
   23000 -4.27668821E-05 -1.44876449E-05  2.67058480E+00  2.67058480E+00  0.00000000E+00
   23100 -4.21944340E-05 -1.49966489E-05  2.67058564E+00  2.67058564E+00  0.00000000E+00
   23200 -4.29623943E-05 -1.43383455E-05  2.67058845E+00  2.67058845E+00  0.00000000E+00
   23300 -4.54584559E-05 -1.52182810E-05  2.67058947E+00  2.67058948E+00  0.00000000E+00
   23400 -4.02887646E-05 -1.38468729E-05  2.67059192E+00  2.67059192E+00  0.00000000E+00
   23500 -3.89215693E-05 -2.54230114E-05  2.67059254E+00  2.67059255E+00  0.00000000E+00
   23600 -4.70473201E-05 -2.60984017E-05  2.67059419E+00  2.67059419E+00  0.00000000E+00
   23700 -4.15166151E-05 -2.33290348E-05  2.67059575E+00  2.67059575E+00  0.00000000E+00
   23800 -4.45002769E-05 -2.12660779E-05  2.67059733E+00  2.67059733E+00  0.00000000E+00
   23900 -4.70835385E-05 -2.30729500E-05  2.67059732E+00  2.67059732E+00  0.00000000E+00
   24000 -5.40391141E-05 -2.75783513E-05  2.67059791E+00  2.67059792E+00  0.00000000E+00
   24100 -5.30426449E-05 -2.93075685E-05  2.67060044E+00  2.67060044E+00  0.00000000E+00
   24200 -5.38828600E-05 -2.17279170E-05  2.67059922E+00  2.67059922E+00  0.00000000E+00
   24300 -5.95973825E-05 -2.47980150E-05  2.67059974E+00  2.67059974E+00  0.00000000E+00
   24400 -5.44529518E-05 -2.29923309E-05  2.67060061E+00  2.67060061E+00  0.00000000E+00
   24500 -5.88315445E-05 -1.67599536E-05  2.67060094E+00  2.67060094E+00  0.00000000E+00
   24600 -6.11680151E-05 -2.20245626E-05  2.67060194E+00  2.67060194E+00  0.00000000E+00
   24700 -5.62500975E-05 -2.14910445E-05  2.67060282E+00  2.67060282E+00  0.00000000E+00
   24800 -6.03718534E-05 -2.74476205E-05  2.67060384E+00  2.67060384E+00  0.00000000E+00
   24900 -5.85354601E-05 -2.43662320E-05  2.67060359E+00  2.67060359E+00  0.00000000E+00
   25000 -5.32189150E-05 -2.46337037E-05  2.67060367E+00  2.67060368E+00  0.00000000E+00
   25100 -6.01233765E-05 -2.96834897E-05  2.67060280E+00  2.67060280E+00  0.00000000E+00
   25200 -5.04801361E-05 -3.24963305E-05  2.67060307E+00  2.67060307E+00  0.00000000E+00
   25300 -5.04234423E-05 -2.85978968E-05  2.67060433E+00  2.67060433E+00  0.00000000E+00
   25400 -4.80604644E-05 -2.60455615E-05  2.67060379E+00  2.67060379E+00  0.00000000E+00
   25500 -5.18933147E-05 -2.90668519E-05  2.67060496E+00  2.67060496E+00  0.00000000E+00
   25600 -4.63700032E-05 -3.40030889E-05  2.67060586E+00  2.67060586E+00  0.00000000E+00
   25700 -4.56958961E-05 -2.90815244E-05  2.67060340E+00  2.67060340E+00  0.00000000E+00
   25800 -4.82774791E-05 -3.08382601E-05  2.67060481E+00  2.67060481E+00  0.00000000E+00
   25900 -5.09524639E-05 -3.54137903E-05  2.67060525E+00  2.67060525E+00  0.00000000E+00
   26000 -4.79945793E-05 -3.19912134E-05  2.67060611E+00  2.67060611E+00  0.00000000E+00
   26100 -4.65390041E-05 -3.02222845E-05  2.67060529E+00  2.67060529E+00  0.00000000E+00
   26200 -4.75300808E-05 -2.39923549E-05  2.67060487E+00  2.67060487E+00  0.00000000E+00
   26300 -5.07711256E-05 -2.90623257E-05  2.67060598E+00  2.67060598E+00  0.00000000E+00
   26400 -5.42147067E-05 -2.63072365E-05  2.67060714E+00  2.67060714E+00  0.00000000E+00
   26500 -5.69966713E-05 -2.34453868E-05  2.67060654E+00  2.67060654E+00  0.00000000E+00
   26600 -5.91888894E-05 -2.67783325E-05  2.67060667E+00  2.67060667E+00  0.00000000E+00
   26700 -5.19420956E-05 -3.18530806E-05  2.67060654E+00  2.67060654E+00  0.00000000E+00
   26800 -4.77367154E-05 -3.02751390E-05  2.67060605E+00  2.67060605E+00  0.00000000E+00
   26900 -5.00259062E-05 -3.08778654E-05  2.67060566E+00  2.67060566E+00  0.00000000E+00
   27000 -5.44566321E-05 -2.75670638E-05  2.67060424E+00  2.67060424E+00  0.00000000E+00
   27100 -5.93842456E-05 -3.19922323E-05  2.67060415E+00  2.67060415E+00  0.00000000E+00
   27200 -5.23766164E-05 -3.43379953E-05  2.67060446E+00  2.67060446E+00  0.00000000E+00
   27300 -4.97189588E-05 -3.36665770E-05  2.67060491E+00  2.67060491E+00  0.00000000E+00
   27400 -4.66597682E-05 -3.00477498E-05  2.67060477E+00  2.67060477E+00  0.00000000E+00
   27500 -5.19650934E-05 -3.30837906E-05  2.67060431E+00  2.67060431E+00  0.00000000E+00
   27600 -5.72120384E-05 -3.28765453E-05  2.67060401E+00  2.67060401E+00  0.00000000E+00
   27700 -5.44252963E-05 -2.86299765E-05  2.67060360E+00  2.67060360E+00  0.00000000E+00
   27800 -5.44447600E-05 -2.45572592E-05  2.67060426E+00  2.67060426E+00  0.00000000E+00
   27900 -4.84867917E-05 -2.78114822E-05  2.67060484E+00  2.67060484E+00  0.00000000E+00
   28000 -4.60299783E-05 -3.02813504E-05  2.67060468E+00  2.67060468E+00  0.00000000E+00
   28100 -4.89413696E-05 -2.48668161E-05  2.67060480E+00  2.67060480E+00  0.00000000E+00
   28200 -5.38950444E-05 -2.54173690E-05  2.67060514E+00  2.67060514E+00  0.00000000E+00
   28300 -4.96134253E-05 -2.59846781E-05  2.67060441E+00  2.67060441E+00  0.00000000E+00
   28400 -5.12074221E-05 -2.24227276E-05  2.67060506E+00  2.67060506E+00  0.00000000E+00
   28500 -4.92275302E-05 -3.10706231E-05  2.67060583E+00  2.67060583E+00  0.00000000E+00
   28600 -5.10891337E-05 -3.12943049E-05  2.67060451E+00  2.67060451E+00  0.00000000E+00
   28700 -5.52802657E-05 -3.13495238E-05  2.67060370E+00  2.67060370E+00  0.00000000E+00
   28800 -5.10734838E-05 -3.28642415E-05  2.67060443E+00  2.67060443E+00  0.00000000E+00
   28900 -5.24937854E-05 -3.84774733E-05  2.67060391E+00  2.67060391E+00  0.00000000E+00
   29000 -4.93193205E-05 -3.08990859E-05  2.67060394E+00  2.67060394E+00  0.00000000E+00
   29100 -4.65410631E-05 -1.97000885E-05  2.67060462E+00  2.67060462E+00  0.00000000E+00
   29200 -4.51979315E-05 -2.11585223E-05  2.67060334E+00  2.67060334E+00  0.00000000E+00
   29300 -4.28869679E-05 -2.51775624E-05  2.67060337E+00  2.67060337E+00  0.00000000E+00
   29400 -4.29726787E-05 -2.60081567E-05  2.67060365E+00  2.67060365E+00  0.00000000E+00
   29500 -4.57891640E-05 -2.59964918E-05  2.67060372E+00  2.67060372E+00  0.00000000E+00
   29600 -3.89589496E-05 -2.75868053E-05  2.67060443E+00  2.67060443E+00  0.00000000E+00
   29700 -3.88706717E-05 -3.08084821E-05  2.67060384E+00  2.67060384E+00  0.00000000E+00
   29800 -4.17982487E-05 -2.15851841E-05  2.67060370E+00  2.67060370E+00  0.00000000E+00
   29900 -4.42727455E-05 -2.72602465E-05  2.67060457E+00  2.67060457E+00  0.00000000E+00
   30000 -3.71144302E-05 -2.05400717E-05  2.67060499E+00  2.67060499E+00  0.00000000E+00
