  # Iter       rSk_x     rSk_y     rSk_z
       0               NaN             NaN             NaN
     100       23.04443931     11.58345654     -0.00000000
     200       23.11754844     11.58143052     -0.00000000
     300       23.20280516     11.58554945     -0.00000000
     400       23.29058985     11.58722647     -0.00000000
     500       23.37928795     11.58833359     -0.00000000
     600       23.46821051     11.58929648     -0.00000000
     700       23.55695788     11.59011887     -0.00000000
     800       23.64540630     11.59075817     -0.00000000
     900       23.73348493     11.59122235     -0.00000000
    1000       23.82121169     11.59151523     -0.00000000
    1100       23.90853179     11.59157925     -0.00000000
    1200       23.99555416     11.59159202     -0.00000000
    1300       24.08230039     11.59150497     -0.00000000
    1400       24.16874528     11.59138356     -0.00000000
    1500       24.25499878     11.59122436     -0.00000000
    1600       24.34100853     11.59101958     -0.00000000
    1700       24.42681335     11.59084346     -0.00000000
    1800       24.51248131     11.59061763     -0.00000000
    1900       24.59804438     11.59036353     -0.00000000
    2000       24.68350725     11.59016670     -0.00000000
    2100       24.76889839     11.58997845     -0.00000000
    2200       24.85423021     11.58978168     -0.00000000
    2300       24.93955455     11.58958914     -0.00000000
    2400       25.02488906     11.58934968     -0.00000000
    2500       25.11018990     11.58909983     -0.00000000
    2600       25.19547422     11.58880477     -0.00000000
    2700       25.28076415     11.58850627     -0.00000000
    2800       25.36603640     11.58821121     -0.00000000
    2900       25.45133846     11.58787486     -0.00000000
    3000       25.53665545     11.58757439     -0.00000000
    3100       25.62195958     11.58720269     -0.00000000
    3200       25.70726410     11.58687507     -0.00000000
    3300       25.79258161     11.58651974     -0.00000000
    3400       25.87789272     11.58616460     -0.00000000
    3500       25.96320006     11.58582447     -0.00000000
    3600       26.04849189     11.58549676     -0.00000000
    3700       26.13379856     11.58513430     -0.00000000
    3800       26.21911288     11.58481765     -0.00000000
    3900       26.30444003     11.58447299     -0.00000000
    4000       26.38978953     11.58418713     -0.00000000
    4100       26.47511816     11.58390529     -0.00000000
    4200       26.56046068     11.58363042     -0.00000000
    4300       26.64582111     11.58341617     -0.00000000
    4400       26.73119640     11.58319368     -0.00000000
    4500       26.81654864     11.58298242     -0.00000000
    4600       26.90191343     11.58275300     -0.00000000
    4700       26.98728981     11.58253827     -0.00000000
    4800       27.07270624     11.58235625     -0.00000000
    4900       27.15808816     11.58218513     -0.00000000
    5000       27.24346849     11.58200708     -0.00000000
    5100       27.32889135     11.58187629     -0.00000000
    5200       27.41428774     11.58172628     -0.00000000
    5300       27.49971292     11.58158184     -0.00000000
    5400       27.58513660     11.58145979     -0.00000000
    5500       27.67057108     11.58135351     -0.00000000
    5600       27.75602615     11.58125481     -0.00000000
    5700       27.84147986     11.58115539     -0.00000000
    5800       27.92698675     11.58105384     -0.00000000
    5900       28.01247479     11.58096425     -0.00000000
    6000       28.09796851     11.58085181     -0.00000000
    6100       28.18345595     11.58075494     -0.00000000
    6200       28.26896070     11.58067843     -0.00000000
    6300       28.35447952     11.58058972     -0.00000000
    6400       28.44002022     11.58049159     -0.00000000
    6500       28.52554704     11.58036489     -0.00000000
    6600       28.61110874     11.58023833     -0.00000000
    6700       28.69665745     11.58012779     -0.00000000
    6800       28.78218777     11.58004985     -0.00000000
    6900       28.86774181     11.57997605     -0.00000000
    7000       28.95330505     11.57987222     -0.00000000
    7100       29.03888055     11.57977736     -0.00000000
    7200       29.12444657     11.57970028     -0.00000000
    7300       29.20999895     11.57960328     -0.00000000
    7400       29.29558947     11.57951129     -0.00000000
    7500       29.38116759     11.57941548     -0.00000000
    7600       29.46674981     11.57931626     -0.00000000
    7700       29.55236264     11.57922171     -0.00000000
    7800       29.63795856     11.57913610     -0.00000000
    7900       29.72355753     11.57904902     -0.00000000
    8000       29.80914954     11.57894149     -0.00000000
    8100       29.89473957     11.57882806     -0.00000000
    8200       29.98028513     11.57873910     -0.00000000
    8300       30.06586470     11.57860605     -0.00000000
    8400       30.15144618     11.57848739     -0.00000000
    8500       30.23705154     11.57838270     -0.00000000
    8600       30.32260511     11.57828961     -0.00000000
    8700       30.40822453     11.57815243     -0.00000000
    8800       30.49384205     11.57802203     -0.00000000
    8900       30.57944873     11.57787827     -0.00000000
    9000       30.66504943     11.57777906     -0.00000000
    9100       30.75063998     11.57764649     -0.00000000
    9200       30.83623529     11.57753577     -0.00000000
    9300       30.92187792     11.57742781     -0.00000000
    9400       31.00742856     11.57731819     -0.00000000
    9500       31.09302025     11.57717744     -0.00000000
    9600       31.17864103     11.57704163     -0.00000000
    9700       31.26427384     11.57689553     -0.00000000
    9800       31.34987183     11.57676148     -0.00000000
    9900       31.43548972     11.57664851     -0.00000000
   10000       31.52108921     11.57649589     -0.00000000
   10100       31.60665781     11.57636282     -0.00000000
   10200       31.69228526     11.57626295     -0.00000000
   10300       31.77789532     11.57614417     -0.00000000
   10400       31.86350197     11.57600939     -0.00000000
   10500       31.94912249     11.57585666     -0.00000000
   10600       32.03471781     11.57571779     -0.00000000
   10700       32.12034098     11.57559791     -0.00000000
   10800       32.20595515     11.57544550     -0.00000000
   10900       32.29155894     11.57530385     -0.00000000
   11000       32.37714900     11.57520935     -0.00000000
   11100       32.46274693     11.57507342     -0.00000000
   11200       32.54834562     11.57494556     -0.00000000
   11300       32.63393210     11.57480648     -0.00000000
   11400       32.71952451     11.57468465     -0.00000000
   11500       32.80511522     11.57454880     -0.00000000
   11600       32.89071957     11.57442653     -0.00000000
   11700       32.97633702     11.57429285     -0.00000000
   11800       33.06195726     11.57416003     -0.00000000
   11900       33.14753347     11.57401021     -0.00000000
   12000       33.23311081     11.57385731     -0.00000000
   12100       33.31869247     11.57371588     -0.00000000
   12200       33.40427926     11.57358684     -0.00000000
   12300       33.48986054     11.57346669     -0.00000000
   12400       33.57544536     11.57331528     -0.00000000
   12500       33.66102096     11.57317140     -0.00000000
   12600       33.74660676     11.57301177     -0.00000000
   12700       33.83216430     11.57287595     -0.00000000
   12800       33.91776672     11.57274110     -0.00000000
   12900       34.00334007     11.57260305     -0.00000000
   13000       34.08892289     11.57247958     -0.00000000
   13100       34.17448813     11.57233700     -0.00000000
   13200       34.26005265     11.57220886     -0.00000000
   13300       34.34565557     11.57205312     -0.00000000
   13400       34.43123217     11.57192218     -0.00000000
   13500       34.51683382     11.57179955     -0.00000000
   13600       34.60242665     11.57168536     -0.00000000
   13700       34.68798519     11.57155107     -0.00000000
   13800       34.77355857     11.57138073     -0.00000000
   13900       34.85917722     11.57123411     -0.00000000
   14000       34.94475388     11.57107920     -0.00000000
   14100       35.03034758     11.57096398     -0.00000000
   14200       35.11596606     11.57079400     -0.00000000
   14300       35.20155065     11.57063526     -0.00000000
   14400       35.28710770     11.57050556     -0.00000000
   14500       35.37273093     11.57036712     -0.00000000
   14600       35.45832056     11.57020481     -0.00000000
   14700       35.54390247     11.57006623     -0.00000000
   14800       35.62946337     11.56992233     -0.00000000
   14900       35.71502887     11.56978312     -0.00000000
   15000       35.80060606     11.56966980     -0.00000000
   15100       35.88618522     11.56952126     -0.00000000
   15200       35.97178505     11.56934702     -0.00000000
   15300       36.05738695     11.56923135     -0.00000000
   15400       36.14297723     11.56908768     -0.00000000
   15500       36.22855300     11.56893223     -0.00000000
   15600       36.31411040     11.56878102     -0.00000000
   15700       36.39973727     11.56862664     -0.00000000
   15800       36.48532592     11.56847849     -0.00000000
   15900       36.57092539     11.56832415     -0.00000000
   16000       36.65650298     11.56814358     -0.00000000
   16100       36.74206354     11.56798659     -0.00000000
   16200       36.82761574     11.56782208     -0.00000000
   16300       36.91318362     11.56768576     -0.00000000
   16400       36.99876732     11.56752326     -0.00000000
   16500       37.08433316     11.56735788     -0.00000000
   16600       37.16991174     11.56722435     -0.00000000
   16700       37.25550086     11.56705095     -0.00000000
   16800       37.34108405     11.56686498     -0.00000000
   16900       37.42667432     11.56670253     -0.00000000
   17000       37.51223992     11.56656055     -0.00000000
   17100       37.59779261     11.56639787     -0.00000000
   17200       37.68340456     11.56625132     -0.00000000
   17300       37.76900699     11.56610752     -0.00000000
   17400       37.85459078     11.56594670     -0.00000000
   17500       37.94018351     11.56578386     -0.00000000
   17600       38.02581576     11.56565709     -0.00000000
   17700       38.11135890     11.56553680     -0.00000000
   17800       38.19690073     11.56534389     -0.00000000
   17900       38.28248580     11.56518410     -0.00000000
   18000       38.36809151     11.56506082     -0.00000000
   18100       38.45370624     11.56493641     -0.00000000
   18200       38.53926924     11.56480603     -0.00000000
   18300       38.62487976     11.56464849     -0.00000000
   18400       38.71049438     11.56447776     -0.00000000
   18500       38.79608100     11.56432931     -0.00000000
   18600       38.88164676     11.56417592     -0.00000000
   18700       38.96728658     11.56404751     -0.00000000
   18800       39.05283765     11.56390357     -0.00000000
   18900       39.13843272     11.56375799     -0.00000000
   19000       39.22401905     11.56361740     -0.00000000
   19100       39.30962370     11.56346231     -0.00000000
   19200       39.39522278     11.56330307     -0.00000000
   19300       39.48080571     11.56316519     -0.00000000
   19400       39.56638685     11.56304246     -0.00000000
   19500       39.65197231     11.56289058     -0.00000000
   19600       39.73755649     11.56276367     -0.00000000
   19700       39.82314748     11.56261100     -0.00000000
   19800       39.90876005     11.56247860     -0.00000000
   19900       39.99435369     11.56231657     -0.00000000
   20000       40.07996386     11.56215370     -0.00000000
   20100       40.16554371     11.56200636     -0.00000000
   20200       40.25111812     11.56187717     -0.00000000
   20300       40.33670202     11.56167721     -0.00000000
   20400       40.42227340     11.56149985     -0.00000000
   20500       40.50786323     11.56135468     -0.00000000
   20600       40.59346368     11.56120423     -0.00000000
   20700       40.67905237     11.56107558     -0.00000000
   20800       40.76463722     11.56091605     -0.00000000
   20900       40.85022783     11.56073079     -0.00000000
   21000       40.93579910     11.56059814     -0.00000000
   21100       41.02140545     11.56042361     -0.00000000
   21200       41.10698973     11.56027644     -0.00000000
   21300       41.19257410     11.56012629     -0.00000000
   21400       41.27818828     11.55996262     -0.00000000
   21500       41.36380934     11.55981238     -0.00000000
   21600       41.44936073     11.55967274     -0.00000000
   21700       41.53493280     11.55954093     -0.00000000
   21800       41.62050909     11.55938238     -0.00000000
   21900       41.70606286     11.55920991     -0.00000000
   22000       41.79168286     11.55906447     -0.00000000
   22100       41.87727660     11.55891242     -0.00000000
   22200       41.96287793     11.55875405     -0.00000000
   22300       42.04846771     11.55859986     -0.00000000
   22400       42.13401433     11.55845929     -0.00000000
   22500       42.21960430     11.55829961     -0.00000000
   22600       42.30519024     11.55816489     -0.00000000
   22700       42.39080122     11.55801045     -0.00000000
   22800       42.47638394     11.55787530     -0.00000000
   22900       42.56195279     11.55774111     -0.00000000
   23000       42.64751397     11.55760592     -0.00000000
   23100       42.73306549     11.55748006     -0.00000000
   23200       42.81863811     11.55733197     -0.00000000
   23300       42.90421298     11.55714964     -0.00000000
   23400       42.98979789     11.55699287     -0.00000000
   23500       43.07541464     11.55688040     -0.00000000
   23600       43.16100515     11.55676768     -0.00000000
   23700       43.24657911     11.55661073     -0.00000000
   23800       43.33216793     11.55647118     -0.00000000
   23900       43.41776258     11.55632400     -0.00000000
   24000       43.50336021     11.55616383     -0.00000000
   24100       43.58892657     11.55602861     -0.00000000
   24200       43.67449761     11.55583696     -0.00000000
   24300       43.76013052     11.55570719     -0.00000000
   24400       43.84571833     11.55558074     -0.00000000
   24500       43.93131700     11.55543973     -0.00000000
   24600       44.01689350     11.55529378     -0.00000000
   24700       44.10249451     11.55516504     -0.00000000
   24800       44.18810827     11.55502216     -0.00000000
   24900       44.27371766     11.55490894     -0.00000000
   25000       44.35931645     11.55478063     -0.00000000
   25100       44.44493386     11.55462127     -0.00000000
   25200       44.53054344     11.55449841     -0.00000000
   25300       44.61611939     11.55435881     -0.00000000
   25400       44.70168069     11.55420501     -0.00000000
   25500       44.78727320     11.55406464     -0.00000000
   25600       44.87282325     11.55391892     -0.00000000
   25700       44.95841588     11.55379053     -0.00000000
   25800       45.04397183     11.55364514     -0.00000000
   25900       45.12957301     11.55347688     -0.00000000
   26000       45.21514377     11.55335115     -0.00000000
   26100       45.30074455     11.55321800     -0.00000000
   26200       45.38635823     11.55307027     -0.00000000
   26300       45.47195430     11.55290589     -0.00000000
   26400       45.55755794     11.55273723     -0.00000000
   26500       45.64316504     11.55256840     -0.00000000
   26600       45.72877009     11.55244597     -0.00000000
   26700       45.81436427     11.55231276     -0.00000000
   26800       45.89997175     11.55218476     -0.00000000
   26900       45.98556057     11.55204343     -0.00000000
   27000       46.07115478     11.55188675     -0.00000000
   27100       46.15676207     11.55171739     -0.00000000
   27200       46.24232459     11.55156566     -0.00000000
   27300       46.32795339     11.55142971     -0.00000000
   27400       46.41351642     11.55130508     -0.00000000
   27500       46.49911320     11.55116299     -0.00000000
   27600       46.58470970     11.55099126     -0.00000000
   27700       46.67032536     11.55086608     -0.00000000
   27800       46.75593092     11.55071395     -0.00000000
   27900       46.84149995     11.55060927     -0.00000000
   28000       46.92708467     11.55044446     -0.00000000
   28100       47.01268143     11.55029374     -0.00000000
   28200       47.09825583     11.55016909     -0.00000000
   28300       47.18385596     11.55000577     -0.00000000
   28400       47.26945742     11.54985071     -0.00000000
   28500       47.35506076     11.54970882     -0.00000000
   28600       47.44066107     11.54955174     -0.00000000
   28700       47.52626318     11.54940437     -0.00000000
   28800       47.61184967     11.54924157     -0.00000000
   28900       47.69745098     11.54907826     -0.00000000
   29000       47.78302995     11.54898411     -0.00000000
   29100       47.86858976     11.54882082     -0.00000000
   29200       47.95413906     11.54869074     -0.00000000
   29300       48.03968883     11.54856474     -0.00000000
   29400       48.12526165     11.54839361     -0.00000000
   29500       48.21085132     11.54825478     -0.00000000
   29600       48.29643339     11.54809825     -0.00000000
   29700       48.38199304     11.54795822     -0.00000000
   29800       48.46759644     11.54777717     -0.00000000
   29900       48.55319570     11.54761631     -0.00000000
