  # Iter     Skx num     Skx avg     Skx std
       0               NaN             NaN             NaN
     100       -1.00000000             NaN             NaN
     200       -1.00000000             NaN             NaN
     300       -1.00000000             NaN             NaN
     400       -1.00000000             NaN             NaN
     500       -1.00000000             NaN             NaN
     600       -1.00000000             NaN             NaN
     700       -1.00000000             NaN             NaN
     800       -1.00000000             NaN             NaN
     900       -1.00000000             NaN             NaN
    1000       -1.00000000             NaN             NaN
    1100       -1.00000000             NaN             NaN
    1200       -1.00000000             NaN             NaN
    1300       -1.00000000             NaN             NaN
    1400       -1.00000000             NaN             NaN
    1500       -1.00000000             NaN             NaN
    1600       -1.00000000             NaN             NaN
    1700       -1.00000000             NaN             NaN
    1800       -1.00000000             NaN             NaN
    1900       -1.00000000             NaN             NaN
    2000       -1.00000000             NaN             NaN
    2100       -1.00000000             NaN             NaN
    2200       -1.00000000             NaN             NaN
    2300       -1.00000000             NaN             NaN
    2400       -1.00000000             NaN             NaN
    2500       -1.00000000             NaN             NaN
    2600       -1.00000000             NaN             NaN
    2700       -1.00000000             NaN             NaN
    2800       -1.00000000             NaN             NaN
    2900       -1.00000000             NaN             NaN
    3000       -1.00000000             NaN             NaN
    3100       -1.00000000             NaN             NaN
    3200       -1.00000000             NaN             NaN
    3300       -1.00000000             NaN             NaN
    3400       -1.00000000             NaN             NaN
    3500       -1.00000000             NaN             NaN
    3600       -1.00000000             NaN             NaN
    3700       -1.00000000             NaN             NaN
    3800       -1.00000000             NaN             NaN
    3900       -1.00000000             NaN             NaN
    4000       -1.00000000             NaN             NaN
    4100       -1.00000000             NaN             NaN
    4200       -1.00000000             NaN             NaN
    4300       -1.00000000             NaN             NaN
    4400       -1.00000000             NaN             NaN
    4500       -1.00000000             NaN             NaN
    4600       -1.00000000             NaN             NaN
    4700       -1.00000000             NaN             NaN
    4800       -1.00000000             NaN             NaN
    4900       -1.00000000             NaN             NaN
    5000       -1.00000000             NaN             NaN
    5100       -1.00000000             NaN             NaN
    5200       -1.00000000             NaN             NaN
    5300       -1.00000000             NaN             NaN
    5400       -1.00000000             NaN             NaN
    5500       -1.00000000             NaN             NaN
    5600       -1.00000000             NaN             NaN
    5700       -1.00000000             NaN             NaN
    5800       -1.00000000             NaN             NaN
    5900       -1.00000000             NaN             NaN
    6000       -1.00000000             NaN             NaN
    6100       -1.00000000             NaN             NaN
    6200       -1.00000000             NaN             NaN
    6300       -1.00000000             NaN             NaN
    6400       -1.00000000             NaN             NaN
    6500       -1.00000000             NaN             NaN
    6600       -1.00000000             NaN             NaN
    6700       -1.00000000             NaN             NaN
    6800       -1.00000000             NaN             NaN
    6900       -1.00000000             NaN             NaN
    7000       -1.00000000             NaN             NaN
    7100       -1.00000000             NaN             NaN
    7200       -1.00000000             NaN             NaN
    7300       -1.00000000             NaN             NaN
    7400       -1.00000000             NaN             NaN
    7500       -1.00000000             NaN             NaN
    7600       -1.00000000             NaN             NaN
    7700       -1.00000000             NaN             NaN
    7800       -1.00000000             NaN             NaN
    7900       -1.00000000             NaN             NaN
    8000       -1.00000000             NaN             NaN
    8100       -1.00000000             NaN             NaN
    8200       -1.00000000             NaN             NaN
    8300       -1.00000000             NaN             NaN
    8400       -1.00000000             NaN             NaN
    8500       -1.00000000             NaN             NaN
    8600       -1.00000000             NaN             NaN
    8700       -1.00000000             NaN             NaN
    8800       -1.00000000             NaN             NaN
    8900       -1.00000000             NaN             NaN
    9000       -1.00000000             NaN             NaN
    9100       -1.00000000             NaN             NaN
    9200       -1.00000000             NaN             NaN
    9300       -1.00000000             NaN             NaN
    9400       -1.00000000             NaN             NaN
    9500       -1.00000000             NaN             NaN
    9600       -1.00000000             NaN             NaN
    9700       -1.00000000             NaN             NaN
    9800       -1.00000000             NaN             NaN
    9900       -1.00000000             NaN             NaN
   10000       -1.00000000             NaN             NaN
   10100       -1.00000000             NaN             NaN
   10200       -1.00000000             NaN             NaN
   10300       -1.00000000             NaN             NaN
   10400       -1.00000000             NaN             NaN
   10500       -1.00000000             NaN             NaN
   10600       -1.00000000             NaN             NaN
   10700       -1.00000000             NaN             NaN
   10800       -1.00000000             NaN             NaN
   10900       -1.00000000             NaN             NaN
   11000       -1.00000000             NaN             NaN
   11100       -1.00000000             NaN             NaN
   11200       -1.00000000             NaN             NaN
   11300       -1.00000000             NaN             NaN
   11400       -1.00000000             NaN             NaN
   11500       -1.00000000             NaN             NaN
   11600       -1.00000000             NaN             NaN
   11700       -1.00000000             NaN             NaN
   11800       -1.00000000             NaN             NaN
   11900       -1.00000000             NaN             NaN
   12000       -1.00000000             NaN             NaN
   12100       -1.00000000             NaN             NaN
   12200       -1.00000000             NaN             NaN
   12300       -1.00000000             NaN             NaN
   12400       -1.00000000             NaN             NaN
   12500       -1.00000000             NaN             NaN
   12600       -1.00000000             NaN             NaN
   12700       -1.00000000             NaN             NaN
   12800       -1.00000000             NaN             NaN
   12900       -1.00000000             NaN             NaN
   13000       -1.00000000             NaN             NaN
   13100       -1.00000000             NaN             NaN
   13200       -1.00000000             NaN             NaN
   13300       -1.00000000             NaN             NaN
   13400       -1.00000000             NaN             NaN
   13500       -1.00000000             NaN             NaN
   13600       -1.00000000             NaN             NaN
   13700       -1.00000000             NaN             NaN
   13800       -1.00000000             NaN             NaN
   13900       -1.00000000             NaN             NaN
   14000       -1.00000000             NaN             NaN
   14100       -1.00000000             NaN             NaN
   14200       -1.00000000             NaN             NaN
   14300       -1.00000000             NaN             NaN
   14400       -1.00000000             NaN             NaN
   14500       -1.00000000             NaN             NaN
   14600       -1.00000000             NaN             NaN
   14700       -1.00000000             NaN             NaN
   14800       -1.00000000             NaN             NaN
   14900       -1.00000000             NaN             NaN
   15000       -1.00000000             NaN             NaN
   15100       -1.00000000             NaN             NaN
   15200       -1.00000000             NaN             NaN
   15300       -1.00000000             NaN             NaN
   15400       -1.00000000             NaN             NaN
   15500       -1.00000000             NaN             NaN
   15600       -1.00000000             NaN             NaN
   15700       -1.00000000             NaN             NaN
   15800       -1.00000000             NaN             NaN
   15900       -1.00000000             NaN             NaN
   16000       -1.00000000             NaN             NaN
   16100       -1.00000000             NaN             NaN
   16200       -1.00000000             NaN             NaN
   16300       -1.00000000             NaN             NaN
   16400       -1.00000000             NaN             NaN
   16500       -1.00000000             NaN             NaN
   16600       -1.00000000             NaN             NaN
   16700       -1.00000000             NaN             NaN
   16800       -1.00000000             NaN             NaN
   16900       -1.00000000             NaN             NaN
   17000       -1.00000000             NaN             NaN
   17100       -1.00000000             NaN             NaN
   17200       -1.00000000             NaN             NaN
   17300       -1.00000000             NaN             NaN
   17400       -1.00000000             NaN             NaN
   17500       -1.00000000             NaN             NaN
   17600       -1.00000000             NaN             NaN
   17700       -1.00000000             NaN             NaN
   17800       -1.00000000             NaN             NaN
   17900       -1.00000000             NaN             NaN
   18000       -1.00000000             NaN             NaN
   18100       -1.00000000             NaN             NaN
   18200       -1.00000000             NaN             NaN
   18300       -1.00000000             NaN             NaN
   18400       -1.00000000             NaN             NaN
   18500       -1.00000000             NaN             NaN
   18600       -1.00000000             NaN             NaN
   18700       -1.00000000             NaN             NaN
   18800       -1.00000000             NaN             NaN
   18900       -1.00000000             NaN             NaN
   19000       -1.00000000             NaN             NaN
   19100       -1.00000000             NaN             NaN
   19200       -1.00000000             NaN             NaN
   19300       -1.00000000             NaN             NaN
   19400       -1.00000000             NaN             NaN
   19500       -1.00000000             NaN             NaN
   19600       -1.00000000             NaN             NaN
   19700       -1.00000000             NaN             NaN
   19800       -1.00000000             NaN             NaN
   19900       -1.00000000             NaN             NaN
   20000       -1.00000000             NaN             NaN
   20100       -1.00000000             NaN             NaN
   20200       -1.00000000             NaN             NaN
   20300       -1.00000000             NaN             NaN
   20400       -1.00000000             NaN             NaN
   20500       -1.00000000             NaN             NaN
   20600       -1.00000000             NaN             NaN
   20700       -1.00000000             NaN             NaN
   20800       -1.00000000             NaN             NaN
   20900       -1.00000000             NaN             NaN
   21000       -1.00000000             NaN             NaN
   21100       -1.00000000             NaN             NaN
   21200       -1.00000000             NaN             NaN
   21300       -1.00000000             NaN             NaN
   21400       -1.00000000             NaN             NaN
   21500       -1.00000000             NaN             NaN
   21600       -1.00000000             NaN             NaN
   21700       -1.00000000             NaN             NaN
   21800       -1.00000000             NaN             NaN
   21900       -1.00000000             NaN             NaN
   22000       -1.00000000             NaN             NaN
   22100       -1.00000000             NaN             NaN
   22200       -1.00000000             NaN             NaN
   22300       -1.00000000             NaN             NaN
   22400       -1.00000000             NaN             NaN
   22500       -1.00000000             NaN             NaN
   22600       -1.00000000             NaN             NaN
   22700       -1.00000000             NaN             NaN
   22800       -1.00000000             NaN             NaN
   22900       -1.00000000             NaN             NaN
   23000       -1.00000000             NaN             NaN
   23100       -1.00000000             NaN             NaN
   23200       -1.00000000             NaN             NaN
   23300       -1.00000000             NaN             NaN
   23400       -1.00000000             NaN             NaN
   23500       -1.00000000             NaN             NaN
   23600       -1.00000000             NaN             NaN
   23700       -1.00000000             NaN             NaN
   23800       -1.00000000             NaN             NaN
   23900       -1.00000000             NaN             NaN
   24000       -1.00000000             NaN             NaN
   24100       -1.00000000             NaN             NaN
   24200       -1.00000000             NaN             NaN
   24300       -1.00000000             NaN             NaN
   24400       -1.00000000             NaN             NaN
   24500       -1.00000000             NaN             NaN
   24600       -1.00000000             NaN             NaN
   24700       -1.00000000             NaN             NaN
   24800       -1.00000000             NaN             NaN
   24900       -1.00000000             NaN             NaN
   25000       -1.00000000             NaN             NaN
   25100       -1.00000000             NaN             NaN
   25200       -1.00000000             NaN             NaN
   25300       -1.00000000             NaN             NaN
   25400       -1.00000000             NaN             NaN
   25500       -1.00000000             NaN             NaN
   25600       -1.00000000             NaN             NaN
   25700       -1.00000000             NaN             NaN
   25800       -1.00000000             NaN             NaN
   25900       -1.00000000             NaN             NaN
   26000       -1.00000000             NaN             NaN
   26100       -1.00000000             NaN             NaN
   26200       -1.00000000             NaN             NaN
   26300       -1.00000000             NaN             NaN
   26400       -1.00000000             NaN             NaN
   26500       -1.00000000             NaN             NaN
   26600       -1.00000000             NaN             NaN
   26700       -1.00000000             NaN             NaN
   26800       -1.00000000             NaN             NaN
   26900       -1.00000000             NaN             NaN
   27000       -1.00000000             NaN             NaN
   27100       -1.00000000             NaN             NaN
   27200       -1.00000000             NaN             NaN
   27300       -1.00000000             NaN             NaN
   27400       -1.00000000             NaN             NaN
   27500       -1.00000000             NaN             NaN
   27600       -1.00000000             NaN             NaN
   27700       -1.00000000             NaN             NaN
   27800       -1.00000000             NaN             NaN
   27900       -1.00000000             NaN             NaN
   28000       -1.00000000             NaN             NaN
   28100       -1.00000000             NaN             NaN
   28200       -1.00000000             NaN             NaN
   28300       -1.00000000             NaN             NaN
   28400       -1.00000000             NaN             NaN
   28500       -1.00000000             NaN             NaN
   28600       -1.00000000             NaN             NaN
   28700       -1.00000000             NaN             NaN
   28800       -1.00000000             NaN             NaN
   28900       -1.00000000             NaN             NaN
   29000       -1.00000000             NaN             NaN
   29100       -1.00000000             NaN             NaN
   29200       -1.00000000             NaN             NaN
   29300       -1.00000000             NaN             NaN
   29400       -1.00000000             NaN             NaN
   29500       -1.00000000             NaN             NaN
   29600       -1.00000000             NaN             NaN
   29700       -1.00000000             NaN             NaN
   29800       -1.00000000             NaN             NaN
   29900       -1.00000000             NaN             NaN
   30000       -1.00000000             NaN             NaN
