   #Iter                 Tot                 Exc                 Ani                  DM                  PD               BiqDM                  BQ                 Dip              Zeeman                 LSF                Chir                Ring                  SA
       0 -3.79985444E+00 -3.73663152E+00 -3.00000000E-02  0.00000000E+00  0.00000000E+00  0.00000000E+00  0.00000000E+00  0.00000000E+00 -3.32229226E-02  0.00000000E+00  0.00000000E+00  0.00000000E+00  0.00000000E+00
     100 -3.82365630E+00 -3.75873357E+00 -2.91965963E-02 -2.45766087E-03  0.00000000E+00  0.00000000E+00  0.00000000E+00  0.00000000E+00 -3.32684755E-02  0.00000000E+00  0.00000000E+00  0.00000000E+00  0.00000000E+00
     200 -3.83491256E+00 -3.76996267E+00 -2.86962440E-02 -2.90050565E-03  0.00000000E+00  0.00000000E+00  0.00000000E+00  0.00000000E+00 -3.33531423E-02  0.00000000E+00  0.00000000E+00  0.00000000E+00  0.00000000E+00
     300 -3.83729024E+00 -3.77216109E+00 -2.85610516E-02 -3.16567563E-03  0.00000000E+00  0.00000000E+00  0.00000000E+00  0.00000000E+00 -3.34024194E-02  0.00000000E+00  0.00000000E+00  0.00000000E+00  0.00000000E+00
     400 -3.83834752E+00 -3.77317208E+00 -2.84577222E-02 -3.27763033E-03  0.00000000E+00  0.00000000E+00  0.00000000E+00  0.00000000E+00 -3.34400860E-02  0.00000000E+00  0.00000000E+00  0.00000000E+00  0.00000000E+00
     500 -3.83895818E+00 -3.77376262E+00 -2.83769008E-02 -3.33762394E-03  0.00000000E+00  0.00000000E+00  0.00000000E+00  0.00000000E+00 -3.34810327E-02  0.00000000E+00  0.00000000E+00  0.00000000E+00  0.00000000E+00
     600 -3.83938368E+00 -3.77413198E+00 -2.83310726E-02 -3.39248553E-03  0.00000000E+00  0.00000000E+00  0.00000000E+00  0.00000000E+00 -3.35281414E-02  0.00000000E+00  0.00000000E+00  0.00000000E+00  0.00000000E+00
     700 -3.83970784E+00 -3.77436760E+00 -2.83187830E-02 -3.44198346E-03  0.00000000E+00  0.00000000E+00  0.00000000E+00  0.00000000E+00 -3.35794807E-02  0.00000000E+00  0.00000000E+00  0.00000000E+00  0.00000000E+00
     800 -3.83996248E+00 -3.77451773E+00 -2.83332454E-02 -3.47904377E-03  0.00000000E+00  0.00000000E+00  0.00000000E+00  0.00000000E+00 -3.36324631E-02  0.00000000E+00  0.00000000E+00  0.00000000E+00  0.00000000E+00
     900 -3.84016402E+00 -3.77461094E+00 -2.83672412E-02 -3.50084642E-03  0.00000000E+00  0.00000000E+00  0.00000000E+00  0.00000000E+00 -3.36849885E-02  0.00000000E+00  0.00000000E+00  0.00000000E+00  0.00000000E+00
    1000 -3.84032383E+00 -3.77466525E+00 -2.84144896E-02 -3.50837453E-03  0.00000000E+00  0.00000000E+00  0.00000000E+00  0.00000000E+00 -3.37357123E-02  0.00000000E+00  0.00000000E+00  0.00000000E+00  0.00000000E+00
    1100 -3.84045100E+00 -3.77469284E+00 -2.84698091E-02 -3.50446679E-03  0.00000000E+00  0.00000000E+00  0.00000000E+00  0.00000000E+00 -3.37838829E-02  0.00000000E+00  0.00000000E+00  0.00000000E+00  0.00000000E+00
    1200 -3.84055283E+00 -3.77470224E+00 -2.85290948E-02 -3.49242714E-03  0.00000000E+00  0.00000000E+00  0.00000000E+00  0.00000000E+00 -3.38290741E-02  0.00000000E+00  0.00000000E+00  0.00000000E+00  0.00000000E+00
    1300 -3.84063509E+00 -3.77469955E+00 -2.85892607E-02 -3.47508265E-03  0.00000000E+00  0.00000000E+00  0.00000000E+00  0.00000000E+00 -3.38711942E-02  0.00000000E+00  0.00000000E+00  0.00000000E+00  0.00000000E+00
    1400 -3.84070221E+00 -3.77468929E+00 -2.86479985E-02 -3.45467367E-03  0.00000000E+00  0.00000000E+00  0.00000000E+00  0.00000000E+00 -3.39102469E-02  0.00000000E+00  0.00000000E+00  0.00000000E+00  0.00000000E+00
    1500 -3.84075753E+00 -3.77467479E+00 -2.87036781E-02 -3.43270342E-03  0.00000000E+00  0.00000000E+00  0.00000000E+00  0.00000000E+00 -3.39463647E-02  0.00000000E+00  0.00000000E+00  0.00000000E+00  0.00000000E+00
    1600 -3.84080356E+00 -3.77465855E+00 -2.87551904E-02 -3.41005573E-03  0.00000000E+00  0.00000000E+00  0.00000000E+00  0.00000000E+00 -3.39797582E-02  0.00000000E+00  0.00000000E+00  0.00000000E+00  0.00000000E+00
    1700 -3.84084217E+00 -3.77464243E+00 -2.88018363E-02 -3.38731240E-03  0.00000000E+00  0.00000000E+00  0.00000000E+00  0.00000000E+00 -3.40105893E-02  0.00000000E+00  0.00000000E+00  0.00000000E+00  0.00000000E+00
    1800 -3.84087474E+00 -3.77462756E+00 -2.88433653E-02 -3.36477897E-03  0.00000000E+00  0.00000000E+00  0.00000000E+00  0.00000000E+00 -3.40390414E-02  0.00000000E+00  0.00000000E+00  0.00000000E+00  0.00000000E+00
    1900 -3.84090230E+00 -3.77461462E+00 -2.88797776E-02 -3.34263968E-03  0.00000000E+00  0.00000000E+00  0.00000000E+00  0.00000000E+00 -3.40652647E-02  0.00000000E+00  0.00000000E+00  0.00000000E+00  0.00000000E+00
    2000 -3.84092569E+00 -3.77460397E+00 -2.89113003E-02 -3.32099294E-03  0.00000000E+00  0.00000000E+00  0.00000000E+00  0.00000000E+00 -3.40894232E-02  0.00000000E+00  0.00000000E+00  0.00000000E+00  0.00000000E+00
    2100 -3.84094551E+00 -3.77459558E+00 -2.89383308E-02 -3.29997334E-03  0.00000000E+00  0.00000000E+00  0.00000000E+00  0.00000000E+00 -3.41116317E-02  0.00000000E+00  0.00000000E+00  0.00000000E+00  0.00000000E+00
    2200 -3.84096232E+00 -3.77458927E+00 -2.89613617E-02 -3.27968138E-03  0.00000000E+00  0.00000000E+00  0.00000000E+00  0.00000000E+00 -3.41320079E-02  0.00000000E+00  0.00000000E+00  0.00000000E+00  0.00000000E+00
    2300 -3.84097655E+00 -3.77458478E+00 -2.89808813E-02 -3.26024141E-03  0.00000000E+00  0.00000000E+00  0.00000000E+00  0.00000000E+00 -3.41506481E-02  0.00000000E+00  0.00000000E+00  0.00000000E+00  0.00000000E+00
    2400 -3.84098857E+00 -3.77458179E+00 -2.89973681E-02 -3.24176091E-03  0.00000000E+00  0.00000000E+00  0.00000000E+00  0.00000000E+00 -3.41676483E-02  0.00000000E+00  0.00000000E+00  0.00000000E+00  0.00000000E+00
    2500 -3.84099873E+00 -3.77458004E+00 -2.90112397E-02 -3.22437191E-03  0.00000000E+00  0.00000000E+00  0.00000000E+00  0.00000000E+00 -3.41830766E-02  0.00000000E+00  0.00000000E+00  0.00000000E+00  0.00000000E+00
    2600 -3.84100729E+00 -3.77457929E+00 -2.90228554E-02 -3.20810299E-03  0.00000000E+00  0.00000000E+00  0.00000000E+00  0.00000000E+00 -3.41970347E-02  0.00000000E+00  0.00000000E+00  0.00000000E+00  0.00000000E+00
    2700 -3.84101451E+00 -3.77457931E+00 -2.90325311E-02 -3.19313335E-03  0.00000000E+00  0.00000000E+00  0.00000000E+00  0.00000000E+00 -3.42095382E-02  0.00000000E+00  0.00000000E+00  0.00000000E+00  0.00000000E+00
    2800 -3.84102060E+00 -3.77457990E+00 -2.90405438E-02 -3.17948427E-03  0.00000000E+00  0.00000000E+00  0.00000000E+00  0.00000000E+00 -3.42206681E-02  0.00000000E+00  0.00000000E+00  0.00000000E+00  0.00000000E+00
    2900 -3.84102572E+00 -3.77458090E+00 -2.90471340E-02 -3.16719871E-03  0.00000000E+00  0.00000000E+00  0.00000000E+00  0.00000000E+00 -3.42304892E-02  0.00000000E+00  0.00000000E+00  0.00000000E+00  0.00000000E+00
    3000 -3.84103004E+00 -3.77458220E+00 -2.90524738E-02 -3.15630676E-03  0.00000000E+00  0.00000000E+00  0.00000000E+00  0.00000000E+00 -3.42390517E-02  0.00000000E+00  0.00000000E+00  0.00000000E+00  0.00000000E+00
    3100 -3.84103368E+00 -3.77458369E+00 -2.90567248E-02 -3.14688841E-03  0.00000000E+00  0.00000000E+00  0.00000000E+00  0.00000000E+00 -3.42463762E-02  0.00000000E+00  0.00000000E+00  0.00000000E+00  0.00000000E+00
    3200 -3.84103677E+00 -3.77458535E+00 -2.90599924E-02 -3.13889232E-03  0.00000000E+00  0.00000000E+00  0.00000000E+00  0.00000000E+00 -3.42525392E-02  0.00000000E+00  0.00000000E+00  0.00000000E+00  0.00000000E+00
    3300 -3.84103938E+00 -3.77458708E+00 -2.90623987E-02 -3.13232359E-03  0.00000000E+00  0.00000000E+00  0.00000000E+00  0.00000000E+00 -3.42575795E-02  0.00000000E+00  0.00000000E+00  0.00000000E+00  0.00000000E+00
    3400 -3.84104160E+00 -3.77458883E+00 -2.90640521E-02 -3.12716119E-03  0.00000000E+00  0.00000000E+00  0.00000000E+00  0.00000000E+00 -3.42615550E-02  0.00000000E+00  0.00000000E+00  0.00000000E+00  0.00000000E+00
    3500 -3.84104350E+00 -3.77459058E+00 -2.90650293E-02 -3.12339750E-03  0.00000000E+00  0.00000000E+00  0.00000000E+00  0.00000000E+00 -3.42644992E-02  0.00000000E+00  0.00000000E+00  0.00000000E+00  0.00000000E+00
    3600 -3.84104513E+00 -3.77459227E+00 -2.90654111E-02 -3.12098242E-03  0.00000000E+00  0.00000000E+00  0.00000000E+00  0.00000000E+00 -3.42664706E-02  0.00000000E+00  0.00000000E+00  0.00000000E+00  0.00000000E+00
    3700 -3.84104654E+00 -3.77459392E+00 -2.90652520E-02 -3.11983262E-03  0.00000000E+00  0.00000000E+00  0.00000000E+00  0.00000000E+00 -3.42675398E-02  0.00000000E+00  0.00000000E+00  0.00000000E+00  0.00000000E+00
    3800 -3.84104778E+00 -3.77459548E+00 -2.90646194E-02 -3.11993503E-03  0.00000000E+00  0.00000000E+00  0.00000000E+00  0.00000000E+00 -3.42677394E-02  0.00000000E+00  0.00000000E+00  0.00000000E+00  0.00000000E+00
    3900 -3.84104886E+00 -3.77459694E+00 -2.90635787E-02 -3.12120838E-03  0.00000000E+00  0.00000000E+00  0.00000000E+00  0.00000000E+00 -3.42671346E-02  0.00000000E+00  0.00000000E+00  0.00000000E+00  0.00000000E+00
    4000 -3.84104983E+00 -3.77459830E+00 -2.90621534E-02 -3.12362073E-03  0.00000000E+00  0.00000000E+00  0.00000000E+00  0.00000000E+00 -3.42657572E-02  0.00000000E+00  0.00000000E+00  0.00000000E+00  0.00000000E+00
    4100 -3.84105069E+00 -3.77459953E+00 -2.90604267E-02 -3.12703419E-03  0.00000000E+00  0.00000000E+00  0.00000000E+00  0.00000000E+00 -3.42637067E-02  0.00000000E+00  0.00000000E+00  0.00000000E+00  0.00000000E+00
    4200 -3.84105148E+00 -3.77460066E+00 -2.90583915E-02 -3.13143186E-03  0.00000000E+00  0.00000000E+00  0.00000000E+00  0.00000000E+00 -3.42609990E-02  0.00000000E+00  0.00000000E+00  0.00000000E+00  0.00000000E+00
    4300 -3.84105221E+00 -3.77460169E+00 -2.90561109E-02 -3.13667480E-03  0.00000000E+00  0.00000000E+00  0.00000000E+00  0.00000000E+00 -3.42577291E-02  0.00000000E+00  0.00000000E+00  0.00000000E+00  0.00000000E+00
    4400 -3.84105288E+00 -3.77460262E+00 -2.90536051E-02 -3.14272856E-03  0.00000000E+00  0.00000000E+00  0.00000000E+00  0.00000000E+00 -3.42539260E-02  0.00000000E+00  0.00000000E+00  0.00000000E+00  0.00000000E+00
    4500 -3.84105350E+00 -3.77460345E+00 -2.90508973E-02 -3.14951127E-03  0.00000000E+00  0.00000000E+00  0.00000000E+00  0.00000000E+00 -3.42496438E-02  0.00000000E+00  0.00000000E+00  0.00000000E+00  0.00000000E+00
    4600 -3.84105410E+00 -3.77460421E+00 -2.90480161E-02 -3.15691450E-03  0.00000000E+00  0.00000000E+00  0.00000000E+00  0.00000000E+00 -3.42449533E-02  0.00000000E+00  0.00000000E+00  0.00000000E+00  0.00000000E+00
    4700 -3.84105466E+00 -3.77460487E+00 -2.90450013E-02 -3.16490141E-03  0.00000000E+00  0.00000000E+00  0.00000000E+00  0.00000000E+00 -3.42398874E-02  0.00000000E+00  0.00000000E+00  0.00000000E+00  0.00000000E+00
    4800 -3.84105520E+00 -3.77460548E+00 -2.90418376E-02 -3.17339682E-03  0.00000000E+00  0.00000000E+00  0.00000000E+00  0.00000000E+00 -3.42344864E-02  0.00000000E+00  0.00000000E+00  0.00000000E+00  0.00000000E+00
    4900 -3.84105572E+00 -3.77460602E+00 -2.90385774E-02 -3.18230705E-03  0.00000000E+00  0.00000000E+00  0.00000000E+00  0.00000000E+00 -3.42288183E-02  0.00000000E+00  0.00000000E+00  0.00000000E+00  0.00000000E+00
    5000 -3.84105623E+00 -3.77460652E+00 -2.90352355E-02 -3.19152889E-03  0.00000000E+00  0.00000000E+00  0.00000000E+00  0.00000000E+00 -3.42229447E-02  0.00000000E+00  0.00000000E+00  0.00000000E+00  0.00000000E+00
    5100 -3.84105672E+00 -3.77460697E+00 -2.90318155E-02 -3.20106777E-03  0.00000000E+00  0.00000000E+00  0.00000000E+00  0.00000000E+00 -3.42168664E-02  0.00000000E+00  0.00000000E+00  0.00000000E+00  0.00000000E+00
    5200 -3.84105720E+00 -3.77460737E+00 -2.90283540E-02 -3.21083586E-03  0.00000000E+00  0.00000000E+00  0.00000000E+00  0.00000000E+00 -3.42106412E-02  0.00000000E+00  0.00000000E+00  0.00000000E+00  0.00000000E+00
    5300 -3.84105767E+00 -3.77460773E+00 -2.90248685E-02 -3.22075525E-03  0.00000000E+00  0.00000000E+00  0.00000000E+00  0.00000000E+00 -3.42043171E-02  0.00000000E+00  0.00000000E+00  0.00000000E+00  0.00000000E+00
    5400 -3.84105812E+00 -3.77460807E+00 -2.90213487E-02 -3.23077312E-03  0.00000000E+00  0.00000000E+00  0.00000000E+00  0.00000000E+00 -3.41979227E-02  0.00000000E+00  0.00000000E+00  0.00000000E+00  0.00000000E+00
    5500 -3.84105856E+00 -3.77460837E+00 -2.90178439E-02 -3.24085990E-03  0.00000000E+00  0.00000000E+00  0.00000000E+00  0.00000000E+00 -3.41914857E-02  0.00000000E+00  0.00000000E+00  0.00000000E+00  0.00000000E+00
    5600 -3.84105898E+00 -3.77460866E+00 -2.90143364E-02 -3.25092279E-03  0.00000000E+00  0.00000000E+00  0.00000000E+00  0.00000000E+00 -3.41850569E-02  0.00000000E+00  0.00000000E+00  0.00000000E+00  0.00000000E+00
    5700 -3.84105939E+00 -3.77460892E+00 -2.90108634E-02 -3.26096833E-03  0.00000000E+00  0.00000000E+00  0.00000000E+00  0.00000000E+00 -3.41786399E-02  0.00000000E+00  0.00000000E+00  0.00000000E+00  0.00000000E+00
    5800 -3.84105979E+00 -3.77460915E+00 -2.90074397E-02 -3.27091706E-03  0.00000000E+00  0.00000000E+00  0.00000000E+00  0.00000000E+00 -3.41722830E-02  0.00000000E+00  0.00000000E+00  0.00000000E+00  0.00000000E+00
    5900 -3.84106017E+00 -3.77460936E+00 -2.90040601E-02 -3.28075335E-03  0.00000000E+00  0.00000000E+00  0.00000000E+00  0.00000000E+00 -3.41659939E-02  0.00000000E+00  0.00000000E+00  0.00000000E+00  0.00000000E+00
    6000 -3.84106053E+00 -3.77460957E+00 -2.90007331E-02 -3.29042523E-03  0.00000000E+00  0.00000000E+00  0.00000000E+00  0.00000000E+00 -3.41598055E-02  0.00000000E+00  0.00000000E+00  0.00000000E+00  0.00000000E+00
    6100 -3.84106088E+00 -3.77460974E+00 -2.89974801E-02 -3.29995053E-03  0.00000000E+00  0.00000000E+00  0.00000000E+00  0.00000000E+00 -3.41537098E-02  0.00000000E+00  0.00000000E+00  0.00000000E+00  0.00000000E+00
    6200 -3.84106121E+00 -3.77460988E+00 -2.89943284E-02 -3.30923126E-03  0.00000000E+00  0.00000000E+00  0.00000000E+00  0.00000000E+00 -3.41477689E-02  0.00000000E+00  0.00000000E+00  0.00000000E+00  0.00000000E+00
    6300 -3.84106152E+00 -3.77461002E+00 -2.89912544E-02 -3.31827080E-03  0.00000000E+00  0.00000000E+00  0.00000000E+00  0.00000000E+00 -3.41419781E-02  0.00000000E+00  0.00000000E+00  0.00000000E+00  0.00000000E+00
    6400 -3.84106182E+00 -3.77461012E+00 -2.89882863E-02 -3.32706457E-03  0.00000000E+00  0.00000000E+00  0.00000000E+00  0.00000000E+00 -3.41363445E-02  0.00000000E+00  0.00000000E+00  0.00000000E+00  0.00000000E+00
    6500 -3.84106210E+00 -3.77461022E+00 -2.89854194E-02 -3.33555920E-03  0.00000000E+00  0.00000000E+00  0.00000000E+00  0.00000000E+00 -3.41308975E-02  0.00000000E+00  0.00000000E+00  0.00000000E+00  0.00000000E+00
    6600 -3.84106235E+00 -3.77461029E+00 -2.89826580E-02 -3.34377562E-03  0.00000000E+00  0.00000000E+00  0.00000000E+00  0.00000000E+00 -3.41256264E-02  0.00000000E+00  0.00000000E+00  0.00000000E+00  0.00000000E+00
    6700 -3.84106259E+00 -3.77461037E+00 -2.89799891E-02 -3.35169541E-03  0.00000000E+00  0.00000000E+00  0.00000000E+00  0.00000000E+00 -3.41205392E-02  0.00000000E+00  0.00000000E+00  0.00000000E+00  0.00000000E+00
    6800 -3.84106282E+00 -3.77461042E+00 -2.89774510E-02 -3.35928183E-03  0.00000000E+00  0.00000000E+00  0.00000000E+00  0.00000000E+00 -3.41156679E-02  0.00000000E+00  0.00000000E+00  0.00000000E+00  0.00000000E+00
    6900 -3.84106302E+00 -3.77461046E+00 -2.89750229E-02 -3.36652433E-03  0.00000000E+00  0.00000000E+00  0.00000000E+00  0.00000000E+00 -3.41110117E-02  0.00000000E+00  0.00000000E+00  0.00000000E+00  0.00000000E+00
    7000 -3.84106321E+00 -3.77461052E+00 -2.89727110E-02 -3.37339792E-03  0.00000000E+00  0.00000000E+00  0.00000000E+00  0.00000000E+00 -3.41065883E-02  0.00000000E+00  0.00000000E+00  0.00000000E+00  0.00000000E+00
    7100 -3.84106339E+00 -3.77461057E+00 -2.89704887E-02 -3.37998141E-03  0.00000000E+00  0.00000000E+00  0.00000000E+00  0.00000000E+00 -3.41023475E-02  0.00000000E+00  0.00000000E+00  0.00000000E+00  0.00000000E+00
    7200 -3.84106355E+00 -3.77461063E+00 -2.89683847E-02 -3.38618836E-03  0.00000000E+00  0.00000000E+00  0.00000000E+00  0.00000000E+00 -3.40983436E-02  0.00000000E+00  0.00000000E+00  0.00000000E+00  0.00000000E+00
    7300 -3.84106369E+00 -3.77461067E+00 -2.89664151E-02 -3.39202706E-03  0.00000000E+00  0.00000000E+00  0.00000000E+00  0.00000000E+00 -3.40945768E-02  0.00000000E+00  0.00000000E+00  0.00000000E+00  0.00000000E+00
    7400 -3.84106382E+00 -3.77461070E+00 -2.89645732E-02 -3.39751670E-03  0.00000000E+00  0.00000000E+00  0.00000000E+00  0.00000000E+00 -3.40910341E-02  0.00000000E+00  0.00000000E+00  0.00000000E+00  0.00000000E+00
    7500 -3.84106394E+00 -3.77461072E+00 -2.89628410E-02 -3.40266545E-03  0.00000000E+00  0.00000000E+00  0.00000000E+00  0.00000000E+00 -3.40877084E-02  0.00000000E+00  0.00000000E+00  0.00000000E+00  0.00000000E+00
    7600 -3.84106404E+00 -3.77461076E+00 -2.89612192E-02 -3.40745719E-03  0.00000000E+00  0.00000000E+00  0.00000000E+00  0.00000000E+00 -3.40846095E-02  0.00000000E+00  0.00000000E+00  0.00000000E+00  0.00000000E+00
    7700 -3.84106414E+00 -3.77461079E+00 -2.89597161E-02 -3.41189057E-03  0.00000000E+00  0.00000000E+00  0.00000000E+00  0.00000000E+00 -3.40817401E-02  0.00000000E+00  0.00000000E+00  0.00000000E+00  0.00000000E+00
    7800 -3.84106422E+00 -3.77461083E+00 -2.89583156E-02 -3.41600078E-03  0.00000000E+00  0.00000000E+00  0.00000000E+00  0.00000000E+00 -3.40790769E-02  0.00000000E+00  0.00000000E+00  0.00000000E+00  0.00000000E+00
    7900 -3.84106430E+00 -3.77461087E+00 -2.89570142E-02 -3.41979438E-03  0.00000000E+00  0.00000000E+00  0.00000000E+00  0.00000000E+00 -3.40766155E-02  0.00000000E+00  0.00000000E+00  0.00000000E+00  0.00000000E+00
    8000 -3.84106436E+00 -3.77461092E+00 -2.89558229E-02 -3.42325465E-03  0.00000000E+00  0.00000000E+00  0.00000000E+00  0.00000000E+00 -3.40743683E-02  0.00000000E+00  0.00000000E+00  0.00000000E+00  0.00000000E+00
    8100 -3.84106442E+00 -3.77461095E+00 -2.89547405E-02 -3.42641699E-03  0.00000000E+00  0.00000000E+00  0.00000000E+00  0.00000000E+00 -3.40723146E-02  0.00000000E+00  0.00000000E+00  0.00000000E+00  0.00000000E+00
    8200 -3.84106447E+00 -3.77461099E+00 -2.89537507E-02 -3.42926781E-03  0.00000000E+00  0.00000000E+00  0.00000000E+00  0.00000000E+00 -3.40704606E-02  0.00000000E+00  0.00000000E+00  0.00000000E+00  0.00000000E+00
    8300 -3.84106451E+00 -3.77461102E+00 -2.89528667E-02 -3.43182938E-03  0.00000000E+00  0.00000000E+00  0.00000000E+00  0.00000000E+00 -3.40687933E-02  0.00000000E+00  0.00000000E+00  0.00000000E+00  0.00000000E+00
    8400 -3.84106455E+00 -3.77461105E+00 -2.89520702E-02 -3.43413330E-03  0.00000000E+00  0.00000000E+00  0.00000000E+00  0.00000000E+00 -3.40672930E-02  0.00000000E+00  0.00000000E+00  0.00000000E+00  0.00000000E+00
    8500 -3.84106458E+00 -3.77461110E+00 -2.89513675E-02 -3.43611903E-03  0.00000000E+00  0.00000000E+00  0.00000000E+00  0.00000000E+00 -3.40659973E-02  0.00000000E+00  0.00000000E+00  0.00000000E+00  0.00000000E+00
    8600 -3.84106461E+00 -3.77461117E+00 -2.89507184E-02 -3.43787210E-03  0.00000000E+00  0.00000000E+00  0.00000000E+00  0.00000000E+00 -3.40648480E-02  0.00000000E+00  0.00000000E+00  0.00000000E+00  0.00000000E+00
    8700 -3.84106464E+00 -3.77461121E+00 -2.89501806E-02 -3.43938101E-03  0.00000000E+00  0.00000000E+00  0.00000000E+00  0.00000000E+00 -3.40638628E-02  0.00000000E+00  0.00000000E+00  0.00000000E+00  0.00000000E+00
    8800 -3.84106466E+00 -3.77461124E+00 -2.89497149E-02 -3.44068838E-03  0.00000000E+00  0.00000000E+00  0.00000000E+00  0.00000000E+00 -3.40630083E-02  0.00000000E+00  0.00000000E+00  0.00000000E+00  0.00000000E+00
    8900 -3.84106467E+00 -3.77461127E+00 -2.89493330E-02 -3.44176340E-03  0.00000000E+00  0.00000000E+00  0.00000000E+00  0.00000000E+00 -3.40623071E-02  0.00000000E+00  0.00000000E+00  0.00000000E+00  0.00000000E+00
    9000 -3.84106469E+00 -3.77461130E+00 -2.89490277E-02 -3.44261382E-03  0.00000000E+00  0.00000000E+00  0.00000000E+00  0.00000000E+00 -3.40617510E-02  0.00000000E+00  0.00000000E+00  0.00000000E+00  0.00000000E+00
    9100 -3.84106470E+00 -3.77461134E+00 -2.89487816E-02 -3.44324888E-03  0.00000000E+00  0.00000000E+00  0.00000000E+00  0.00000000E+00 -3.40613342E-02  0.00000000E+00  0.00000000E+00  0.00000000E+00  0.00000000E+00
    9200 -3.84106471E+00 -3.77461137E+00 -2.89486151E-02 -3.44366692E-03  0.00000000E+00  0.00000000E+00  0.00000000E+00  0.00000000E+00 -3.40610598E-02  0.00000000E+00  0.00000000E+00  0.00000000E+00  0.00000000E+00
    9300 -3.84106473E+00 -3.77461139E+00 -2.89485058E-02 -3.44395642E-03  0.00000000E+00  0.00000000E+00  0.00000000E+00  0.00000000E+00 -3.40608717E-02  0.00000000E+00  0.00000000E+00  0.00000000E+00  0.00000000E+00
    9400 -3.84106473E+00 -3.77461140E+00 -2.89484642E-02 -3.44407913E-03  0.00000000E+00  0.00000000E+00  0.00000000E+00  0.00000000E+00 -3.40607945E-02  0.00000000E+00  0.00000000E+00  0.00000000E+00  0.00000000E+00
    9500 -3.84106474E+00 -3.77461139E+00 -2.89484769E-02 -3.44406347E-03  0.00000000E+00  0.00000000E+00  0.00000000E+00  0.00000000E+00 -3.40608089E-02  0.00000000E+00  0.00000000E+00  0.00000000E+00  0.00000000E+00
    9600 -3.84106475E+00 -3.77461141E+00 -2.89485262E-02 -3.44390034E-03  0.00000000E+00  0.00000000E+00  0.00000000E+00  0.00000000E+00 -3.40609185E-02  0.00000000E+00  0.00000000E+00  0.00000000E+00  0.00000000E+00
    9700 -3.84106476E+00 -3.77461140E+00 -2.89486289E-02 -3.44362330E-03  0.00000000E+00  0.00000000E+00  0.00000000E+00  0.00000000E+00 -3.40611049E-02  0.00000000E+00  0.00000000E+00  0.00000000E+00  0.00000000E+00
    9800 -3.84106476E+00 -3.77461142E+00 -2.89487580E-02 -3.44321207E-03  0.00000000E+00  0.00000000E+00  0.00000000E+00  0.00000000E+00 -3.40613765E-02  0.00000000E+00  0.00000000E+00  0.00000000E+00  0.00000000E+00
    9900 -3.84106477E+00 -3.77461145E+00 -2.89489248E-02 -3.44265370E-03  0.00000000E+00  0.00000000E+00  0.00000000E+00  0.00000000E+00 -3.40617418E-02  0.00000000E+00  0.00000000E+00  0.00000000E+00  0.00000000E+00
   10000 -3.84106478E+00 -3.77461150E+00 -2.89491064E-02 -3.44200718E-03  0.00000000E+00  0.00000000E+00  0.00000000E+00  0.00000000E+00 -3.40621629E-02  0.00000000E+00  0.00000000E+00  0.00000000E+00  0.00000000E+00
   10100 -3.84106478E+00 -3.77461151E+00 -2.89493567E-02 -3.44126582E-03  0.00000000E+00  0.00000000E+00  0.00000000E+00  0.00000000E+00 -3.40626524E-02  0.00000000E+00  0.00000000E+00  0.00000000E+00  0.00000000E+00
   10200 -3.84106479E+00 -3.77461150E+00 -2.89496418E-02 -3.44045764E-03  0.00000000E+00  0.00000000E+00  0.00000000E+00  0.00000000E+00 -3.40631878E-02  0.00000000E+00  0.00000000E+00  0.00000000E+00  0.00000000E+00
   10300 -3.84106480E+00 -3.77461151E+00 -2.89499300E-02 -3.43960538E-03  0.00000000E+00  0.00000000E+00  0.00000000E+00  0.00000000E+00 -3.40637504E-02  0.00000000E+00  0.00000000E+00  0.00000000E+00  0.00000000E+00
   10400 -3.84106480E+00 -3.77461152E+00 -2.89502365E-02 -3.43868423E-03  0.00000000E+00  0.00000000E+00  0.00000000E+00  0.00000000E+00 -3.40643570E-02  0.00000000E+00  0.00000000E+00  0.00000000E+00  0.00000000E+00
   10500 -3.84106481E+00 -3.77461155E+00 -2.89505598E-02 -3.43769481E-03  0.00000000E+00  0.00000000E+00  0.00000000E+00  0.00000000E+00 -3.40650081E-02  0.00000000E+00  0.00000000E+00  0.00000000E+00  0.00000000E+00
   10600 -3.84106482E+00 -3.77461154E+00 -2.89509207E-02 -3.43666613E-03  0.00000000E+00  0.00000000E+00  0.00000000E+00  0.00000000E+00 -3.40656891E-02  0.00000000E+00  0.00000000E+00  0.00000000E+00  0.00000000E+00
   10700 -3.84106482E+00 -3.77461152E+00 -2.89513115E-02 -3.43557396E-03  0.00000000E+00  0.00000000E+00  0.00000000E+00  0.00000000E+00 -3.40664138E-02  0.00000000E+00  0.00000000E+00  0.00000000E+00  0.00000000E+00
   10800 -3.84106483E+00 -3.77461152E+00 -2.89517034E-02 -3.43444123E-03  0.00000000E+00  0.00000000E+00  0.00000000E+00  0.00000000E+00 -3.40671631E-02  0.00000000E+00  0.00000000E+00  0.00000000E+00  0.00000000E+00
   10900 -3.84106484E+00 -3.77461154E+00 -2.89520884E-02 -3.43328336E-03  0.00000000E+00  0.00000000E+00  0.00000000E+00  0.00000000E+00 -3.40679254E-02  0.00000000E+00  0.00000000E+00  0.00000000E+00  0.00000000E+00
   11000 -3.84106484E+00 -3.77461152E+00 -2.89524995E-02 -3.43212420E-03  0.00000000E+00  0.00000000E+00  0.00000000E+00  0.00000000E+00 -3.40686930E-02  0.00000000E+00  0.00000000E+00  0.00000000E+00  0.00000000E+00
   11100 -3.84106485E+00 -3.77461153E+00 -2.89529003E-02 -3.43094466E-03  0.00000000E+00  0.00000000E+00  0.00000000E+00  0.00000000E+00 -3.40694710E-02  0.00000000E+00  0.00000000E+00  0.00000000E+00  0.00000000E+00
   11200 -3.84106486E+00 -3.77461153E+00 -2.89532978E-02 -3.42979835E-03  0.00000000E+00  0.00000000E+00  0.00000000E+00  0.00000000E+00 -3.40702286E-02  0.00000000E+00  0.00000000E+00  0.00000000E+00  0.00000000E+00
   11300 -3.84106486E+00 -3.77461150E+00 -2.89537352E-02 -3.42861089E-03  0.00000000E+00  0.00000000E+00  0.00000000E+00  0.00000000E+00 -3.40710174E-02  0.00000000E+00  0.00000000E+00  0.00000000E+00  0.00000000E+00
   11400 -3.84106487E+00 -3.77461150E+00 -2.89541395E-02 -3.42743121E-03  0.00000000E+00  0.00000000E+00  0.00000000E+00  0.00000000E+00 -3.40717960E-02  0.00000000E+00  0.00000000E+00  0.00000000E+00  0.00000000E+00
   11500 -3.84106487E+00 -3.77461149E+00 -2.89545596E-02 -3.42624170E-03  0.00000000E+00  0.00000000E+00  0.00000000E+00  0.00000000E+00 -3.40725834E-02  0.00000000E+00  0.00000000E+00  0.00000000E+00  0.00000000E+00
   11600 -3.84106488E+00 -3.77461150E+00 -2.89549609E-02 -3.42506139E-03  0.00000000E+00  0.00000000E+00  0.00000000E+00  0.00000000E+00 -3.40733618E-02  0.00000000E+00  0.00000000E+00  0.00000000E+00  0.00000000E+00
   11700 -3.84106489E+00 -3.77461149E+00 -2.89553725E-02 -3.42388379E-03  0.00000000E+00  0.00000000E+00  0.00000000E+00  0.00000000E+00 -3.40741405E-02  0.00000000E+00  0.00000000E+00  0.00000000E+00  0.00000000E+00
   11800 -3.84106489E+00 -3.77461151E+00 -2.89557606E-02 -3.42271098E-03  0.00000000E+00  0.00000000E+00  0.00000000E+00  0.00000000E+00 -3.40749121E-02  0.00000000E+00  0.00000000E+00  0.00000000E+00  0.00000000E+00
   11900 -3.84106490E+00 -3.77461149E+00 -2.89561651E-02 -3.42158235E-03  0.00000000E+00  0.00000000E+00  0.00000000E+00  0.00000000E+00 -3.40756609E-02  0.00000000E+00  0.00000000E+00  0.00000000E+00  0.00000000E+00
   12000 -3.84106490E+00 -3.77461146E+00 -2.89565735E-02 -3.42046536E-03  0.00000000E+00  0.00000000E+00  0.00000000E+00  0.00000000E+00 -3.40764022E-02  0.00000000E+00  0.00000000E+00  0.00000000E+00  0.00000000E+00
   12100 -3.84106491E+00 -3.77461146E+00 -2.89569530E-02 -3.41937783E-03  0.00000000E+00  0.00000000E+00  0.00000000E+00  0.00000000E+00 -3.40771213E-02  0.00000000E+00  0.00000000E+00  0.00000000E+00  0.00000000E+00
   12200 -3.84106491E+00 -3.77461143E+00 -2.89573432E-02 -3.41830991E-03  0.00000000E+00  0.00000000E+00  0.00000000E+00  0.00000000E+00 -3.40778302E-02  0.00000000E+00  0.00000000E+00  0.00000000E+00  0.00000000E+00
   12300 -3.84106492E+00 -3.77461143E+00 -2.89576980E-02 -3.41728113E-03  0.00000000E+00  0.00000000E+00  0.00000000E+00  0.00000000E+00 -3.40785092E-02  0.00000000E+00  0.00000000E+00  0.00000000E+00  0.00000000E+00
   12400 -3.84106492E+00 -3.77461144E+00 -2.89580421E-02 -3.41627264E-03  0.00000000E+00  0.00000000E+00  0.00000000E+00  0.00000000E+00 -3.40791748E-02  0.00000000E+00  0.00000000E+00  0.00000000E+00  0.00000000E+00
   12500 -3.84106493E+00 -3.77461142E+00 -2.89583808E-02 -3.41533102E-03  0.00000000E+00  0.00000000E+00  0.00000000E+00  0.00000000E+00 -3.40797990E-02  0.00000000E+00  0.00000000E+00  0.00000000E+00  0.00000000E+00
   12600 -3.84106493E+00 -3.77461141E+00 -2.89587052E-02 -3.41440355E-03  0.00000000E+00  0.00000000E+00  0.00000000E+00  0.00000000E+00 -3.40804118E-02  0.00000000E+00  0.00000000E+00  0.00000000E+00  0.00000000E+00
   12700 -3.84106494E+00 -3.77461142E+00 -2.89590079E-02 -3.41350890E-03  0.00000000E+00  0.00000000E+00  0.00000000E+00  0.00000000E+00 -3.40810014E-02  0.00000000E+00  0.00000000E+00  0.00000000E+00  0.00000000E+00
   12800 -3.84106494E+00 -3.77461142E+00 -2.89592957E-02 -3.41266561E-03  0.00000000E+00  0.00000000E+00  0.00000000E+00  0.00000000E+00 -3.40815580E-02  0.00000000E+00  0.00000000E+00  0.00000000E+00  0.00000000E+00
   12900 -3.84106494E+00 -3.77461141E+00 -2.89595912E-02 -3.41183203E-03  0.00000000E+00  0.00000000E+00  0.00000000E+00  0.00000000E+00 -3.40821092E-02  0.00000000E+00  0.00000000E+00  0.00000000E+00  0.00000000E+00
   13000 -3.84106495E+00 -3.77461140E+00 -2.89598714E-02 -3.41105012E-03  0.00000000E+00  0.00000000E+00  0.00000000E+00  0.00000000E+00 -3.40826266E-02  0.00000000E+00  0.00000000E+00  0.00000000E+00  0.00000000E+00
   13100 -3.84106495E+00 -3.77461139E+00 -2.89601362E-02 -3.41031261E-03  0.00000000E+00  0.00000000E+00  0.00000000E+00  0.00000000E+00 -3.40831154E-02  0.00000000E+00  0.00000000E+00  0.00000000E+00  0.00000000E+00
   13200 -3.84106495E+00 -3.77461137E+00 -2.89603834E-02 -3.40963921E-03  0.00000000E+00  0.00000000E+00  0.00000000E+00  0.00000000E+00 -3.40835623E-02  0.00000000E+00  0.00000000E+00  0.00000000E+00  0.00000000E+00
   13300 -3.84106496E+00 -3.77461135E+00 -2.89606244E-02 -3.40898528E-03  0.00000000E+00  0.00000000E+00  0.00000000E+00  0.00000000E+00 -3.40839965E-02  0.00000000E+00  0.00000000E+00  0.00000000E+00  0.00000000E+00
   13400 -3.84106496E+00 -3.77461137E+00 -2.89608257E-02 -3.40834157E-03  0.00000000E+00  0.00000000E+00  0.00000000E+00  0.00000000E+00 -3.40844176E-02  0.00000000E+00  0.00000000E+00  0.00000000E+00  0.00000000E+00
   13500 -3.84106496E+00 -3.77461138E+00 -2.89610187E-02 -3.40775081E-03  0.00000000E+00  0.00000000E+00  0.00000000E+00  0.00000000E+00 -3.40848055E-02  0.00000000E+00  0.00000000E+00  0.00000000E+00  0.00000000E+00
   13600 -3.84106496E+00 -3.77461139E+00 -2.89612041E-02 -3.40720744E-03  0.00000000E+00  0.00000000E+00  0.00000000E+00  0.00000000E+00 -3.40851633E-02  0.00000000E+00  0.00000000E+00  0.00000000E+00  0.00000000E+00
   13700 -3.84106496E+00 -3.77461139E+00 -2.89613875E-02 -3.40667902E-03  0.00000000E+00  0.00000000E+00  0.00000000E+00  0.00000000E+00 -3.40855117E-02  0.00000000E+00  0.00000000E+00  0.00000000E+00  0.00000000E+00
   13800 -3.84106497E+00 -3.77461136E+00 -2.89615600E-02 -3.40623527E-03  0.00000000E+00  0.00000000E+00  0.00000000E+00  0.00000000E+00 -3.40858074E-02  0.00000000E+00  0.00000000E+00  0.00000000E+00  0.00000000E+00
   13900 -3.84106497E+00 -3.77461135E+00 -2.89617104E-02 -3.40582468E-03  0.00000000E+00  0.00000000E+00  0.00000000E+00  0.00000000E+00 -3.40860795E-02  0.00000000E+00  0.00000000E+00  0.00000000E+00  0.00000000E+00
   14000 -3.84106497E+00 -3.77461132E+00 -2.89618619E-02 -3.40546349E-03  0.00000000E+00  0.00000000E+00  0.00000000E+00  0.00000000E+00 -3.40863219E-02  0.00000000E+00  0.00000000E+00  0.00000000E+00  0.00000000E+00
   14100 -3.84106497E+00 -3.77461132E+00 -2.89619831E-02 -3.40510733E-03  0.00000000E+00  0.00000000E+00  0.00000000E+00  0.00000000E+00 -3.40865562E-02  0.00000000E+00  0.00000000E+00  0.00000000E+00  0.00000000E+00
   14200 -3.84106497E+00 -3.77461132E+00 -2.89620949E-02 -3.40477925E-03  0.00000000E+00  0.00000000E+00  0.00000000E+00  0.00000000E+00 -3.40867725E-02  0.00000000E+00  0.00000000E+00  0.00000000E+00  0.00000000E+00
   14300 -3.84106497E+00 -3.77461134E+00 -2.89621738E-02 -3.40452342E-03  0.00000000E+00  0.00000000E+00  0.00000000E+00  0.00000000E+00 -3.40869395E-02  0.00000000E+00  0.00000000E+00  0.00000000E+00  0.00000000E+00
   14400 -3.84106497E+00 -3.77461133E+00 -2.89622781E-02 -3.40424600E-03  0.00000000E+00  0.00000000E+00  0.00000000E+00  0.00000000E+00 -3.40871241E-02  0.00000000E+00  0.00000000E+00  0.00000000E+00  0.00000000E+00
   14500 -3.84106497E+00 -3.77461132E+00 -2.89623607E-02 -3.40402922E-03  0.00000000E+00  0.00000000E+00  0.00000000E+00  0.00000000E+00 -3.40872679E-02  0.00000000E+00  0.00000000E+00  0.00000000E+00  0.00000000E+00
   14600 -3.84106498E+00 -3.77461133E+00 -2.89624306E-02 -3.40378337E-03  0.00000000E+00  0.00000000E+00  0.00000000E+00  0.00000000E+00 -3.40874266E-02  0.00000000E+00  0.00000000E+00  0.00000000E+00  0.00000000E+00
   14700 -3.84106498E+00 -3.77461133E+00 -2.89624967E-02 -3.40359285E-03  0.00000000E+00  0.00000000E+00  0.00000000E+00  0.00000000E+00 -3.40875524E-02  0.00000000E+00  0.00000000E+00  0.00000000E+00  0.00000000E+00
   14800 -3.84106498E+00 -3.77461132E+00 -2.89625636E-02 -3.40343711E-03  0.00000000E+00  0.00000000E+00  0.00000000E+00  0.00000000E+00 -3.40876575E-02  0.00000000E+00  0.00000000E+00  0.00000000E+00  0.00000000E+00
   14900 -3.84106498E+00 -3.77461134E+00 -2.89625996E-02 -3.40329120E-03  0.00000000E+00  0.00000000E+00  0.00000000E+00  0.00000000E+00 -3.40877509E-02  0.00000000E+00  0.00000000E+00  0.00000000E+00  0.00000000E+00
   15000 -3.84106498E+00 -3.77461132E+00 -2.89626503E-02 -3.40318015E-03  0.00000000E+00  0.00000000E+00  0.00000000E+00  0.00000000E+00 -3.40878260E-02  0.00000000E+00  0.00000000E+00  0.00000000E+00  0.00000000E+00
   15100 -3.84106498E+00 -3.77461134E+00 -2.89626802E-02 -3.40305595E-03  0.00000000E+00  0.00000000E+00  0.00000000E+00  0.00000000E+00 -3.40879057E-02  0.00000000E+00  0.00000000E+00  0.00000000E+00  0.00000000E+00
   15200 -3.84106498E+00 -3.77461133E+00 -2.89627055E-02 -3.40300856E-03  0.00000000E+00  0.00000000E+00  0.00000000E+00  0.00000000E+00 -3.40879383E-02  0.00000000E+00  0.00000000E+00  0.00000000E+00  0.00000000E+00
   15300 -3.84106498E+00 -3.77461130E+00 -2.89627337E-02 -3.40299549E-03  0.00000000E+00  0.00000000E+00  0.00000000E+00  0.00000000E+00 -3.40879501E-02  0.00000000E+00  0.00000000E+00  0.00000000E+00  0.00000000E+00
   15400 -3.84106498E+00 -3.77461130E+00 -2.89627390E-02 -3.40297567E-03  0.00000000E+00  0.00000000E+00  0.00000000E+00  0.00000000E+00 -3.40879631E-02  0.00000000E+00  0.00000000E+00  0.00000000E+00  0.00000000E+00
   15500 -3.84106498E+00 -3.77461131E+00 -2.89627378E-02 -3.40296502E-03  0.00000000E+00  0.00000000E+00  0.00000000E+00  0.00000000E+00 -3.40879686E-02  0.00000000E+00  0.00000000E+00  0.00000000E+00  0.00000000E+00
   15600 -3.84106498E+00 -3.77461132E+00 -2.89627275E-02 -3.40297346E-03  0.00000000E+00  0.00000000E+00  0.00000000E+00  0.00000000E+00 -3.40879618E-02  0.00000000E+00  0.00000000E+00  0.00000000E+00  0.00000000E+00
   15700 -3.84106498E+00 -3.77461132E+00 -2.89627156E-02 -3.40300186E-03  0.00000000E+00  0.00000000E+00  0.00000000E+00  0.00000000E+00 -3.40879428E-02  0.00000000E+00  0.00000000E+00  0.00000000E+00  0.00000000E+00
   15800 -3.84106498E+00 -3.77461131E+00 -2.89627065E-02 -3.40304728E-03  0.00000000E+00  0.00000000E+00  0.00000000E+00  0.00000000E+00 -3.40879138E-02  0.00000000E+00  0.00000000E+00  0.00000000E+00  0.00000000E+00
   15900 -3.84106498E+00 -3.77461132E+00 -2.89626843E-02 -3.40310303E-03  0.00000000E+00  0.00000000E+00  0.00000000E+00  0.00000000E+00 -3.40878765E-02  0.00000000E+00  0.00000000E+00  0.00000000E+00  0.00000000E+00
   16000 -3.84106498E+00 -3.77461134E+00 -2.89626452E-02 -3.40317729E-03  0.00000000E+00  0.00000000E+00  0.00000000E+00  0.00000000E+00 -3.40878246E-02  0.00000000E+00  0.00000000E+00  0.00000000E+00  0.00000000E+00
   16100 -3.84106498E+00 -3.77461132E+00 -2.89626274E-02 -3.40325755E-03  0.00000000E+00  0.00000000E+00  0.00000000E+00  0.00000000E+00 -3.40877738E-02  0.00000000E+00  0.00000000E+00  0.00000000E+00  0.00000000E+00
   16200 -3.84106498E+00 -3.77461132E+00 -2.89626020E-02 -3.40334256E-03  0.00000000E+00  0.00000000E+00  0.00000000E+00  0.00000000E+00 -3.40877184E-02  0.00000000E+00  0.00000000E+00  0.00000000E+00  0.00000000E+00
   16300 -3.84106498E+00 -3.77461133E+00 -2.89625601E-02 -3.40344322E-03  0.00000000E+00  0.00000000E+00  0.00000000E+00  0.00000000E+00 -3.40876508E-02  0.00000000E+00  0.00000000E+00  0.00000000E+00  0.00000000E+00
   16400 -3.84106498E+00 -3.77461133E+00 -2.89625207E-02 -3.40355546E-03  0.00000000E+00  0.00000000E+00  0.00000000E+00  0.00000000E+00 -3.40875766E-02  0.00000000E+00  0.00000000E+00  0.00000000E+00  0.00000000E+00
   16500 -3.84106499E+00 -3.77461134E+00 -2.89624777E-02 -3.40367291E-03  0.00000000E+00  0.00000000E+00  0.00000000E+00  0.00000000E+00 -3.40874986E-02  0.00000000E+00  0.00000000E+00  0.00000000E+00  0.00000000E+00
   16600 -3.84106499E+00 -3.77461133E+00 -2.89624521E-02 -3.40377310E-03  0.00000000E+00  0.00000000E+00  0.00000000E+00  0.00000000E+00 -3.40874339E-02  0.00000000E+00  0.00000000E+00  0.00000000E+00  0.00000000E+00
   16700 -3.84106499E+00 -3.77461130E+00 -2.89624204E-02 -3.40392066E-03  0.00000000E+00  0.00000000E+00  0.00000000E+00  0.00000000E+00 -3.40873402E-02  0.00000000E+00  0.00000000E+00  0.00000000E+00  0.00000000E+00
   16800 -3.84106499E+00 -3.77461132E+00 -2.89623752E-02 -3.40400537E-03  0.00000000E+00  0.00000000E+00  0.00000000E+00  0.00000000E+00 -3.40872813E-02  0.00000000E+00  0.00000000E+00  0.00000000E+00  0.00000000E+00
   16900 -3.84106499E+00 -3.77461133E+00 -2.89623270E-02 -3.40412331E-03  0.00000000E+00  0.00000000E+00  0.00000000E+00  0.00000000E+00 -3.40872028E-02  0.00000000E+00  0.00000000E+00  0.00000000E+00  0.00000000E+00
   17000 -3.84106499E+00 -3.77461134E+00 -2.89622771E-02 -3.40426024E-03  0.00000000E+00  0.00000000E+00  0.00000000E+00  0.00000000E+00 -3.40871117E-02  0.00000000E+00  0.00000000E+00  0.00000000E+00  0.00000000E+00
   17100 -3.84106499E+00 -3.77461134E+00 -2.89622425E-02 -3.40436575E-03  0.00000000E+00  0.00000000E+00  0.00000000E+00  0.00000000E+00 -3.40870427E-02  0.00000000E+00  0.00000000E+00  0.00000000E+00  0.00000000E+00
   17200 -3.84106499E+00 -3.77461134E+00 -2.89622052E-02 -3.40447231E-03  0.00000000E+00  0.00000000E+00  0.00000000E+00  0.00000000E+00 -3.40869726E-02  0.00000000E+00  0.00000000E+00  0.00000000E+00  0.00000000E+00
   17300 -3.84106499E+00 -3.77461133E+00 -2.89621686E-02 -3.40460272E-03  0.00000000E+00  0.00000000E+00  0.00000000E+00  0.00000000E+00 -3.40868879E-02  0.00000000E+00  0.00000000E+00  0.00000000E+00  0.00000000E+00
   17400 -3.84106499E+00 -3.77461134E+00 -2.89621196E-02 -3.40472578E-03  0.00000000E+00  0.00000000E+00  0.00000000E+00  0.00000000E+00 -3.40868055E-02  0.00000000E+00  0.00000000E+00  0.00000000E+00  0.00000000E+00
   17500 -3.84106499E+00 -3.77461136E+00 -2.89620563E-02 -3.40485850E-03  0.00000000E+00  0.00000000E+00  0.00000000E+00  0.00000000E+00 -3.40867157E-02  0.00000000E+00  0.00000000E+00  0.00000000E+00  0.00000000E+00
   17600 -3.84106499E+00 -3.77461136E+00 -2.89619966E-02 -3.40502751E-03  0.00000000E+00  0.00000000E+00  0.00000000E+00  0.00000000E+00 -3.40866042E-02  0.00000000E+00  0.00000000E+00  0.00000000E+00  0.00000000E+00
   17700 -3.84106499E+00 -3.77461136E+00 -2.89619548E-02 -3.40513842E-03  0.00000000E+00  0.00000000E+00  0.00000000E+00  0.00000000E+00 -3.40865301E-02  0.00000000E+00  0.00000000E+00  0.00000000E+00  0.00000000E+00
   17800 -3.84106499E+00 -3.77461136E+00 -2.89619115E-02 -3.40526433E-03  0.00000000E+00  0.00000000E+00  0.00000000E+00  0.00000000E+00 -3.40864480E-02  0.00000000E+00  0.00000000E+00  0.00000000E+00  0.00000000E+00
   17900 -3.84106499E+00 -3.77461136E+00 -2.89618693E-02 -3.40540605E-03  0.00000000E+00  0.00000000E+00  0.00000000E+00  0.00000000E+00 -3.40863559E-02  0.00000000E+00  0.00000000E+00  0.00000000E+00  0.00000000E+00
   18000 -3.84106499E+00 -3.77461137E+00 -2.89618128E-02 -3.40555343E-03  0.00000000E+00  0.00000000E+00  0.00000000E+00  0.00000000E+00 -3.40862576E-02  0.00000000E+00  0.00000000E+00  0.00000000E+00  0.00000000E+00
   18100 -3.84106499E+00 -3.77461137E+00 -2.89617770E-02 -3.40565725E-03  0.00000000E+00  0.00000000E+00  0.00000000E+00  0.00000000E+00 -3.40861888E-02  0.00000000E+00  0.00000000E+00  0.00000000E+00  0.00000000E+00
   18200 -3.84106499E+00 -3.77461136E+00 -2.89617414E-02 -3.40578469E-03  0.00000000E+00  0.00000000E+00  0.00000000E+00  0.00000000E+00 -3.40861063E-02  0.00000000E+00  0.00000000E+00  0.00000000E+00  0.00000000E+00
   18300 -3.84106499E+00 -3.77461136E+00 -2.89616949E-02 -3.40591810E-03  0.00000000E+00  0.00000000E+00  0.00000000E+00  0.00000000E+00 -3.40860179E-02  0.00000000E+00  0.00000000E+00  0.00000000E+00  0.00000000E+00
   18400 -3.84106499E+00 -3.77461137E+00 -2.89616514E-02 -3.40602355E-03  0.00000000E+00  0.00000000E+00  0.00000000E+00  0.00000000E+00 -3.40859469E-02  0.00000000E+00  0.00000000E+00  0.00000000E+00  0.00000000E+00
   18500 -3.84106499E+00 -3.77461136E+00 -2.89616151E-02 -3.40613538E-03  0.00000000E+00  0.00000000E+00  0.00000000E+00  0.00000000E+00 -3.40858735E-02  0.00000000E+00  0.00000000E+00  0.00000000E+00  0.00000000E+00
   18600 -3.84106499E+00 -3.77461136E+00 -2.89615730E-02 -3.40627011E-03  0.00000000E+00  0.00000000E+00  0.00000000E+00  0.00000000E+00 -3.40857853E-02  0.00000000E+00  0.00000000E+00  0.00000000E+00  0.00000000E+00
   18700 -3.84106499E+00 -3.77461138E+00 -2.89615196E-02 -3.40636708E-03  0.00000000E+00  0.00000000E+00  0.00000000E+00  0.00000000E+00 -3.40857183E-02  0.00000000E+00  0.00000000E+00  0.00000000E+00  0.00000000E+00
   18800 -3.84106499E+00 -3.77461138E+00 -2.89614916E-02 -3.40645771E-03  0.00000000E+00  0.00000000E+00  0.00000000E+00  0.00000000E+00 -3.40856595E-02  0.00000000E+00  0.00000000E+00  0.00000000E+00  0.00000000E+00
   18900 -3.84106499E+00 -3.77461138E+00 -2.89614508E-02 -3.40657347E-03  0.00000000E+00  0.00000000E+00  0.00000000E+00  0.00000000E+00 -3.40855827E-02  0.00000000E+00  0.00000000E+00  0.00000000E+00  0.00000000E+00
   19000 -3.84106499E+00 -3.77461139E+00 -2.89614076E-02 -3.40669091E-03  0.00000000E+00  0.00000000E+00  0.00000000E+00  0.00000000E+00 -3.40855053E-02  0.00000000E+00  0.00000000E+00  0.00000000E+00  0.00000000E+00
   19100 -3.84106499E+00 -3.77461137E+00 -2.89613941E-02 -3.40678109E-03  0.00000000E+00  0.00000000E+00  0.00000000E+00  0.00000000E+00 -3.40854492E-02  0.00000000E+00  0.00000000E+00  0.00000000E+00  0.00000000E+00
   19200 -3.84106499E+00 -3.77461137E+00 -2.89613688E-02 -3.40685079E-03  0.00000000E+00  0.00000000E+00  0.00000000E+00  0.00000000E+00 -3.40854031E-02  0.00000000E+00  0.00000000E+00  0.00000000E+00  0.00000000E+00
   19300 -3.84106499E+00 -3.77461137E+00 -2.89613380E-02 -3.40694440E-03  0.00000000E+00  0.00000000E+00  0.00000000E+00  0.00000000E+00 -3.40853416E-02  0.00000000E+00  0.00000000E+00  0.00000000E+00  0.00000000E+00
   19400 -3.84106499E+00 -3.77461136E+00 -2.89613165E-02 -3.40701898E-03  0.00000000E+00  0.00000000E+00  0.00000000E+00  0.00000000E+00 -3.40852936E-02  0.00000000E+00  0.00000000E+00  0.00000000E+00  0.00000000E+00
   19500 -3.84106499E+00 -3.77461135E+00 -2.89612999E-02 -3.40710165E-03  0.00000000E+00  0.00000000E+00  0.00000000E+00  0.00000000E+00 -3.40852411E-02  0.00000000E+00  0.00000000E+00  0.00000000E+00  0.00000000E+00
   19600 -3.84106499E+00 -3.77461136E+00 -2.89612698E-02 -3.40716372E-03  0.00000000E+00  0.00000000E+00  0.00000000E+00  0.00000000E+00 -3.40851990E-02  0.00000000E+00  0.00000000E+00  0.00000000E+00  0.00000000E+00
   19700 -3.84106499E+00 -3.77461138E+00 -2.89612357E-02 -3.40721473E-03  0.00000000E+00  0.00000000E+00  0.00000000E+00  0.00000000E+00 -3.40851625E-02  0.00000000E+00  0.00000000E+00  0.00000000E+00  0.00000000E+00
   19800 -3.84106499E+00 -3.77461137E+00 -2.89612317E-02 -3.40724927E-03  0.00000000E+00  0.00000000E+00  0.00000000E+00  0.00000000E+00 -3.40851406E-02  0.00000000E+00  0.00000000E+00  0.00000000E+00  0.00000000E+00
   19900 -3.84106499E+00 -3.77461137E+00 -2.89612209E-02 -3.40728618E-03  0.00000000E+00  0.00000000E+00  0.00000000E+00  0.00000000E+00 -3.40851169E-02  0.00000000E+00  0.00000000E+00  0.00000000E+00  0.00000000E+00
   20000 -3.84106499E+00 -3.77461136E+00 -2.89612137E-02 -3.40731760E-03  0.00000000E+00  0.00000000E+00  0.00000000E+00  0.00000000E+00 -3.40850966E-02  0.00000000E+00  0.00000000E+00  0.00000000E+00  0.00000000E+00
   20100 -3.84106499E+00 -3.77461137E+00 -2.89611987E-02 -3.40734919E-03  0.00000000E+00  0.00000000E+00  0.00000000E+00  0.00000000E+00 -3.40850752E-02  0.00000000E+00  0.00000000E+00  0.00000000E+00  0.00000000E+00
   20200 -3.84106499E+00 -3.77461137E+00 -2.89611858E-02 -3.40737198E-03  0.00000000E+00  0.00000000E+00  0.00000000E+00  0.00000000E+00 -3.40850594E-02  0.00000000E+00  0.00000000E+00  0.00000000E+00  0.00000000E+00
   20300 -3.84106499E+00 -3.77461138E+00 -2.89611703E-02 -3.40739371E-03  0.00000000E+00  0.00000000E+00  0.00000000E+00  0.00000000E+00 -3.40850433E-02  0.00000000E+00  0.00000000E+00  0.00000000E+00  0.00000000E+00
   20400 -3.84106499E+00 -3.77461139E+00 -2.89611577E-02 -3.40742999E-03  0.00000000E+00  0.00000000E+00  0.00000000E+00  0.00000000E+00 -3.40850192E-02  0.00000000E+00  0.00000000E+00  0.00000000E+00  0.00000000E+00
   20500 -3.84106499E+00 -3.77461138E+00 -2.89611498E-02 -3.40747860E-03  0.00000000E+00  0.00000000E+00  0.00000000E+00  0.00000000E+00 -3.40849885E-02  0.00000000E+00  0.00000000E+00  0.00000000E+00  0.00000000E+00
   20600 -3.84106499E+00 -3.77461137E+00 -2.89611388E-02 -3.40752015E-03  0.00000000E+00  0.00000000E+00  0.00000000E+00  0.00000000E+00 -3.40849621E-02  0.00000000E+00  0.00000000E+00  0.00000000E+00  0.00000000E+00
   20700 -3.84106499E+00 -3.77461135E+00 -2.89611434E-02 -3.40755194E-03  0.00000000E+00  0.00000000E+00  0.00000000E+00  0.00000000E+00 -3.40849439E-02  0.00000000E+00  0.00000000E+00  0.00000000E+00  0.00000000E+00
   20800 -3.84106499E+00 -3.77461136E+00 -2.89611346E-02 -3.40755070E-03  0.00000000E+00  0.00000000E+00  0.00000000E+00  0.00000000E+00 -3.40849433E-02  0.00000000E+00  0.00000000E+00  0.00000000E+00  0.00000000E+00
   20900 -3.84106499E+00 -3.77461137E+00 -2.89611370E-02 -3.40753349E-03  0.00000000E+00  0.00000000E+00  0.00000000E+00  0.00000000E+00 -3.40849541E-02  0.00000000E+00  0.00000000E+00  0.00000000E+00  0.00000000E+00
   21000 -3.84106499E+00 -3.77461139E+00 -2.89611180E-02 -3.40753743E-03  0.00000000E+00  0.00000000E+00  0.00000000E+00  0.00000000E+00 -3.40849480E-02  0.00000000E+00  0.00000000E+00  0.00000000E+00  0.00000000E+00
   21100 -3.84106499E+00 -3.77461143E+00 -2.89610837E-02 -3.40752781E-03  0.00000000E+00  0.00000000E+00  0.00000000E+00  0.00000000E+00 -3.40849477E-02  0.00000000E+00  0.00000000E+00  0.00000000E+00  0.00000000E+00
   21200 -3.84106499E+00 -3.77461143E+00 -2.89610862E-02 -3.40753347E-03  0.00000000E+00  0.00000000E+00  0.00000000E+00  0.00000000E+00 -3.40849447E-02  0.00000000E+00  0.00000000E+00  0.00000000E+00  0.00000000E+00
   21300 -3.84106499E+00 -3.77461142E+00 -2.89610948E-02 -3.40751982E-03  0.00000000E+00  0.00000000E+00  0.00000000E+00  0.00000000E+00 -3.40849542E-02  0.00000000E+00  0.00000000E+00  0.00000000E+00  0.00000000E+00
   21400 -3.84106499E+00 -3.77461143E+00 -2.89610947E-02 -3.40749769E-03  0.00000000E+00  0.00000000E+00  0.00000000E+00  0.00000000E+00 -3.40849679E-02  0.00000000E+00  0.00000000E+00  0.00000000E+00  0.00000000E+00
   21500 -3.84106499E+00 -3.77461142E+00 -2.89610984E-02 -3.40752488E-03  0.00000000E+00  0.00000000E+00  0.00000000E+00  0.00000000E+00 -3.40849518E-02  0.00000000E+00  0.00000000E+00  0.00000000E+00  0.00000000E+00
   21600 -3.84106499E+00 -3.77461139E+00 -2.89611125E-02 -3.40754350E-03  0.00000000E+00  0.00000000E+00  0.00000000E+00  0.00000000E+00 -3.40849434E-02  0.00000000E+00  0.00000000E+00  0.00000000E+00  0.00000000E+00
   21700 -3.84106499E+00 -3.77461138E+00 -2.89611249E-02 -3.40754183E-03  0.00000000E+00  0.00000000E+00  0.00000000E+00  0.00000000E+00 -3.40849463E-02  0.00000000E+00  0.00000000E+00  0.00000000E+00  0.00000000E+00
   21800 -3.84106499E+00 -3.77461138E+00 -2.89611152E-02 -3.40755510E-03  0.00000000E+00  0.00000000E+00  0.00000000E+00  0.00000000E+00 -3.40849368E-02  0.00000000E+00  0.00000000E+00  0.00000000E+00  0.00000000E+00
   21900 -3.84106499E+00 -3.77461139E+00 -2.89611046E-02 -3.40756646E-03  0.00000000E+00  0.00000000E+00  0.00000000E+00  0.00000000E+00 -3.40849279E-02  0.00000000E+00  0.00000000E+00  0.00000000E+00  0.00000000E+00
   22000 -3.84106499E+00 -3.77461139E+00 -2.89611164E-02 -3.40754374E-03  0.00000000E+00  0.00000000E+00  0.00000000E+00  0.00000000E+00 -3.40849439E-02  0.00000000E+00  0.00000000E+00  0.00000000E+00  0.00000000E+00
   22100 -3.84106499E+00 -3.77461139E+00 -2.89611213E-02 -3.40751489E-03  0.00000000E+00  0.00000000E+00  0.00000000E+00  0.00000000E+00 -3.40849619E-02  0.00000000E+00  0.00000000E+00  0.00000000E+00  0.00000000E+00
   22200 -3.84106499E+00 -3.77461138E+00 -2.89611377E-02 -3.40750260E-03  0.00000000E+00  0.00000000E+00  0.00000000E+00  0.00000000E+00 -3.40849724E-02  0.00000000E+00  0.00000000E+00  0.00000000E+00  0.00000000E+00
   22300 -3.84106499E+00 -3.77461136E+00 -2.89611462E-02 -3.40754036E-03  0.00000000E+00  0.00000000E+00  0.00000000E+00  0.00000000E+00 -3.40849512E-02  0.00000000E+00  0.00000000E+00  0.00000000E+00  0.00000000E+00
   22400 -3.84106499E+00 -3.77461135E+00 -2.89611605E-02 -3.40750759E-03  0.00000000E+00  0.00000000E+00  0.00000000E+00  0.00000000E+00 -3.40849737E-02  0.00000000E+00  0.00000000E+00  0.00000000E+00  0.00000000E+00
   22500 -3.84106499E+00 -3.77461136E+00 -2.89611593E-02 -3.40748975E-03  0.00000000E+00  0.00000000E+00  0.00000000E+00  0.00000000E+00 -3.40849839E-02  0.00000000E+00  0.00000000E+00  0.00000000E+00  0.00000000E+00
   22600 -3.84106499E+00 -3.77461136E+00 -2.89611768E-02 -3.40744515E-03  0.00000000E+00  0.00000000E+00  0.00000000E+00  0.00000000E+00 -3.40850133E-02  0.00000000E+00  0.00000000E+00  0.00000000E+00  0.00000000E+00
   22700 -3.84106499E+00 -3.77461138E+00 -2.89611655E-02 -3.40742657E-03  0.00000000E+00  0.00000000E+00  0.00000000E+00  0.00000000E+00 -3.40850226E-02  0.00000000E+00  0.00000000E+00  0.00000000E+00  0.00000000E+00
   22800 -3.84106499E+00 -3.77461139E+00 -2.89611601E-02 -3.40740042E-03  0.00000000E+00  0.00000000E+00  0.00000000E+00  0.00000000E+00 -3.40850367E-02  0.00000000E+00  0.00000000E+00  0.00000000E+00  0.00000000E+00
   22900 -3.84106499E+00 -3.77461138E+00 -2.89611877E-02 -3.40736784E-03  0.00000000E+00  0.00000000E+00  0.00000000E+00  0.00000000E+00 -3.40850605E-02  0.00000000E+00  0.00000000E+00  0.00000000E+00  0.00000000E+00
   23000 -3.84106499E+00 -3.77461137E+00 -2.89611957E-02 -3.40736298E-03  0.00000000E+00  0.00000000E+00  0.00000000E+00  0.00000000E+00 -3.40850652E-02  0.00000000E+00  0.00000000E+00  0.00000000E+00  0.00000000E+00
   23100 -3.84106499E+00 -3.77461134E+00 -2.89612211E-02 -3.40735239E-03  0.00000000E+00  0.00000000E+00  0.00000000E+00  0.00000000E+00 -3.40850760E-02  0.00000000E+00  0.00000000E+00  0.00000000E+00  0.00000000E+00
   23200 -3.84106499E+00 -3.77461136E+00 -2.89612262E-02 -3.40729398E-03  0.00000000E+00  0.00000000E+00  0.00000000E+00  0.00000000E+00 -3.40851118E-02  0.00000000E+00  0.00000000E+00  0.00000000E+00  0.00000000E+00
   23300 -3.84106499E+00 -3.77461137E+00 -2.89612253E-02 -3.40727185E-03  0.00000000E+00  0.00000000E+00  0.00000000E+00  0.00000000E+00 -3.40851249E-02  0.00000000E+00  0.00000000E+00  0.00000000E+00  0.00000000E+00
   23400 -3.84106499E+00 -3.77461139E+00 -2.89612261E-02 -3.40722027E-03  0.00000000E+00  0.00000000E+00  0.00000000E+00  0.00000000E+00 -3.40851561E-02  0.00000000E+00  0.00000000E+00  0.00000000E+00  0.00000000E+00
   23500 -3.84106499E+00 -3.77461139E+00 -2.89612318E-02 -3.40720958E-03  0.00000000E+00  0.00000000E+00  0.00000000E+00  0.00000000E+00 -3.40851641E-02  0.00000000E+00  0.00000000E+00  0.00000000E+00  0.00000000E+00
   23600 -3.84106499E+00 -3.77461138E+00 -2.89612509E-02 -3.40717970E-03  0.00000000E+00  0.00000000E+00  0.00000000E+00  0.00000000E+00 -3.40851850E-02  0.00000000E+00  0.00000000E+00  0.00000000E+00  0.00000000E+00
   23700 -3.84106499E+00 -3.77461139E+00 -2.89612546E-02 -3.40714745E-03  0.00000000E+00  0.00000000E+00  0.00000000E+00  0.00000000E+00 -3.40852050E-02  0.00000000E+00  0.00000000E+00  0.00000000E+00  0.00000000E+00
   23800 -3.84106499E+00 -3.77461138E+00 -2.89612730E-02 -3.40711931E-03  0.00000000E+00  0.00000000E+00  0.00000000E+00  0.00000000E+00 -3.40852251E-02  0.00000000E+00  0.00000000E+00  0.00000000E+00  0.00000000E+00
   23900 -3.84106499E+00 -3.77461137E+00 -2.89612765E-02 -3.40711942E-03  0.00000000E+00  0.00000000E+00  0.00000000E+00  0.00000000E+00 -3.40852250E-02  0.00000000E+00  0.00000000E+00  0.00000000E+00  0.00000000E+00
   24000 -3.84106499E+00 -3.77461139E+00 -2.89612696E-02 -3.40710517E-03  0.00000000E+00  0.00000000E+00  0.00000000E+00  0.00000000E+00 -3.40852326E-02  0.00000000E+00  0.00000000E+00  0.00000000E+00  0.00000000E+00
   24100 -3.84106499E+00 -3.77461140E+00 -2.89612788E-02 -3.40705318E-03  0.00000000E+00  0.00000000E+00  0.00000000E+00  0.00000000E+00 -3.40852648E-02  0.00000000E+00  0.00000000E+00  0.00000000E+00  0.00000000E+00
   24200 -3.84106499E+00 -3.77461138E+00 -2.89612821E-02 -3.40708061E-03  0.00000000E+00  0.00000000E+00  0.00000000E+00  0.00000000E+00 -3.40852492E-02  0.00000000E+00  0.00000000E+00  0.00000000E+00  0.00000000E+00
   24300 -3.84106499E+00 -3.77461137E+00 -2.89612912E-02 -3.40707247E-03  0.00000000E+00  0.00000000E+00  0.00000000E+00  0.00000000E+00 -3.40852559E-02  0.00000000E+00  0.00000000E+00  0.00000000E+00  0.00000000E+00
   24400 -3.84106499E+00 -3.77461138E+00 -2.89612953E-02 -3.40705563E-03  0.00000000E+00  0.00000000E+00  0.00000000E+00  0.00000000E+00 -3.40852670E-02  0.00000000E+00  0.00000000E+00  0.00000000E+00  0.00000000E+00
   24500 -3.84106499E+00 -3.77461136E+00 -2.89613071E-02 -3.40705115E-03  0.00000000E+00  0.00000000E+00  0.00000000E+00  0.00000000E+00 -3.40852712E-02  0.00000000E+00  0.00000000E+00  0.00000000E+00  0.00000000E+00
   24600 -3.84106499E+00 -3.77461138E+00 -2.89612990E-02 -3.40702835E-03  0.00000000E+00  0.00000000E+00  0.00000000E+00  0.00000000E+00 -3.40852839E-02  0.00000000E+00  0.00000000E+00  0.00000000E+00  0.00000000E+00
   24700 -3.84106499E+00 -3.77461139E+00 -2.89613010E-02 -3.40700947E-03  0.00000000E+00  0.00000000E+00  0.00000000E+00  0.00000000E+00 -3.40852952E-02  0.00000000E+00  0.00000000E+00  0.00000000E+00  0.00000000E+00
   24800 -3.84106499E+00 -3.77461138E+00 -2.89613150E-02 -3.40699201E-03  0.00000000E+00  0.00000000E+00  0.00000000E+00  0.00000000E+00 -3.40853082E-02  0.00000000E+00  0.00000000E+00  0.00000000E+00  0.00000000E+00
   24900 -3.84106499E+00 -3.77461137E+00 -2.89613200E-02 -3.40699803E-03  0.00000000E+00  0.00000000E+00  0.00000000E+00  0.00000000E+00 -3.40853050E-02  0.00000000E+00  0.00000000E+00  0.00000000E+00  0.00000000E+00
   25000 -3.84106499E+00 -3.77461133E+00 -2.89613542E-02 -3.40700569E-03  0.00000000E+00  0.00000000E+00  0.00000000E+00  0.00000000E+00 -3.40853061E-02  0.00000000E+00  0.00000000E+00  0.00000000E+00  0.00000000E+00
   25100 -3.84106499E+00 -3.77461131E+00 -2.89613633E-02 -3.40702653E-03  0.00000000E+00  0.00000000E+00  0.00000000E+00  0.00000000E+00 -3.40852950E-02  0.00000000E+00  0.00000000E+00  0.00000000E+00  0.00000000E+00
   25200 -3.84106499E+00 -3.77461132E+00 -2.89613563E-02 -3.40701853E-03  0.00000000E+00  0.00000000E+00  0.00000000E+00  0.00000000E+00 -3.40852984E-02  0.00000000E+00  0.00000000E+00  0.00000000E+00  0.00000000E+00
   25300 -3.84106499E+00 -3.77461136E+00 -2.89613323E-02 -3.40698415E-03  0.00000000E+00  0.00000000E+00  0.00000000E+00  0.00000000E+00 -3.40853144E-02  0.00000000E+00  0.00000000E+00  0.00000000E+00  0.00000000E+00
   25400 -3.84106499E+00 -3.77461136E+00 -2.89613294E-02 -3.40699466E-03  0.00000000E+00  0.00000000E+00  0.00000000E+00  0.00000000E+00 -3.40853076E-02  0.00000000E+00  0.00000000E+00  0.00000000E+00  0.00000000E+00
   25500 -3.84106499E+00 -3.77461136E+00 -2.89613403E-02 -3.40697294E-03  0.00000000E+00  0.00000000E+00  0.00000000E+00  0.00000000E+00 -3.40853225E-02  0.00000000E+00  0.00000000E+00  0.00000000E+00  0.00000000E+00
   25600 -3.84106499E+00 -3.77461136E+00 -2.89613399E-02 -3.40695357E-03  0.00000000E+00  0.00000000E+00  0.00000000E+00  0.00000000E+00 -3.40853340E-02  0.00000000E+00  0.00000000E+00  0.00000000E+00  0.00000000E+00
   25700 -3.84106499E+00 -3.77461137E+00 -2.89613219E-02 -3.40700076E-03  0.00000000E+00  0.00000000E+00  0.00000000E+00  0.00000000E+00 -3.40853027E-02  0.00000000E+00  0.00000000E+00  0.00000000E+00  0.00000000E+00
   25800 -3.84106499E+00 -3.77461135E+00 -2.89613435E-02 -3.40697796E-03  0.00000000E+00  0.00000000E+00  0.00000000E+00  0.00000000E+00 -3.40853206E-02  0.00000000E+00  0.00000000E+00  0.00000000E+00  0.00000000E+00
   25900 -3.84106499E+00 -3.77461134E+00 -2.89613569E-02 -3.40697203E-03  0.00000000E+00  0.00000000E+00  0.00000000E+00  0.00000000E+00 -3.40853262E-02  0.00000000E+00  0.00000000E+00  0.00000000E+00  0.00000000E+00
   26000 -3.84106499E+00 -3.77461133E+00 -2.89613666E-02 -3.40695725E-03  0.00000000E+00  0.00000000E+00  0.00000000E+00  0.00000000E+00 -3.40853372E-02  0.00000000E+00  0.00000000E+00  0.00000000E+00  0.00000000E+00
   26100 -3.84106499E+00 -3.77461136E+00 -2.89613432E-02 -3.40696800E-03  0.00000000E+00  0.00000000E+00  0.00000000E+00  0.00000000E+00 -3.40853267E-02  0.00000000E+00  0.00000000E+00  0.00000000E+00  0.00000000E+00
   26200 -3.84106499E+00 -3.77461138E+00 -2.89613183E-02 -3.40696910E-03  0.00000000E+00  0.00000000E+00  0.00000000E+00  0.00000000E+00 -3.40853213E-02  0.00000000E+00  0.00000000E+00  0.00000000E+00  0.00000000E+00
   26300 -3.84106499E+00 -3.77461139E+00 -2.89613182E-02 -3.40694615E-03  0.00000000E+00  0.00000000E+00  0.00000000E+00  0.00000000E+00 -3.40853356E-02  0.00000000E+00  0.00000000E+00  0.00000000E+00  0.00000000E+00
   26400 -3.84106499E+00 -3.77461138E+00 -2.89613361E-02 -3.40692822E-03  0.00000000E+00  0.00000000E+00  0.00000000E+00  0.00000000E+00 -3.40853504E-02  0.00000000E+00  0.00000000E+00  0.00000000E+00  0.00000000E+00
   26500 -3.84106499E+00 -3.77461136E+00 -2.89613451E-02 -3.40694353E-03  0.00000000E+00  0.00000000E+00  0.00000000E+00  0.00000000E+00 -3.40853427E-02  0.00000000E+00  0.00000000E+00  0.00000000E+00  0.00000000E+00
   26600 -3.84106499E+00 -3.77461136E+00 -2.89613485E-02 -3.40694246E-03  0.00000000E+00  0.00000000E+00  0.00000000E+00  0.00000000E+00 -3.40853444E-02  0.00000000E+00  0.00000000E+00  0.00000000E+00  0.00000000E+00
   26700 -3.84106499E+00 -3.77461138E+00 -2.89613321E-02 -3.40694027E-03  0.00000000E+00  0.00000000E+00  0.00000000E+00  0.00000000E+00 -3.40853427E-02  0.00000000E+00  0.00000000E+00  0.00000000E+00  0.00000000E+00
   26800 -3.84106499E+00 -3.77461138E+00 -2.89613283E-02 -3.40695000E-03  0.00000000E+00  0.00000000E+00  0.00000000E+00  0.00000000E+00 -3.40853364E-02  0.00000000E+00  0.00000000E+00  0.00000000E+00  0.00000000E+00
   26900 -3.84106499E+00 -3.77461139E+00 -2.89613151E-02 -3.40695450E-03  0.00000000E+00  0.00000000E+00  0.00000000E+00  0.00000000E+00 -3.40853314E-02  0.00000000E+00  0.00000000E+00  0.00000000E+00  0.00000000E+00
   27000 -3.84106499E+00 -3.77461137E+00 -2.89613213E-02 -3.40698591E-03  0.00000000E+00  0.00000000E+00  0.00000000E+00  0.00000000E+00 -3.40853134E-02  0.00000000E+00  0.00000000E+00  0.00000000E+00  0.00000000E+00
   27100 -3.84106499E+00 -3.77461137E+00 -2.89613210E-02 -3.40698864E-03  0.00000000E+00  0.00000000E+00  0.00000000E+00  0.00000000E+00 -3.40853122E-02  0.00000000E+00  0.00000000E+00  0.00000000E+00  0.00000000E+00
   27200 -3.84106499E+00 -3.77461138E+00 -2.89613205E-02 -3.40698246E-03  0.00000000E+00  0.00000000E+00  0.00000000E+00  0.00000000E+00 -3.40853162E-02  0.00000000E+00  0.00000000E+00  0.00000000E+00  0.00000000E+00
   27300 -3.84106499E+00 -3.77461139E+00 -2.89613158E-02 -3.40697144E-03  0.00000000E+00  0.00000000E+00  0.00000000E+00  0.00000000E+00 -3.40853219E-02  0.00000000E+00  0.00000000E+00  0.00000000E+00  0.00000000E+00
   27400 -3.84106499E+00 -3.77461139E+00 -2.89613100E-02 -3.40697295E-03  0.00000000E+00  0.00000000E+00  0.00000000E+00  0.00000000E+00 -3.40853200E-02  0.00000000E+00  0.00000000E+00  0.00000000E+00  0.00000000E+00
   27500 -3.84106499E+00 -3.77461140E+00 -2.89613017E-02 -3.40697852E-03  0.00000000E+00  0.00000000E+00  0.00000000E+00  0.00000000E+00 -3.40853142E-02  0.00000000E+00  0.00000000E+00  0.00000000E+00  0.00000000E+00
   27600 -3.84106499E+00 -3.77461141E+00 -2.89612874E-02 -3.40698055E-03  0.00000000E+00  0.00000000E+00  0.00000000E+00  0.00000000E+00 -3.40853104E-02  0.00000000E+00  0.00000000E+00  0.00000000E+00  0.00000000E+00
   27700 -3.84106499E+00 -3.77461140E+00 -2.89612984E-02 -3.40699234E-03  0.00000000E+00  0.00000000E+00  0.00000000E+00  0.00000000E+00 -3.40853052E-02  0.00000000E+00  0.00000000E+00  0.00000000E+00  0.00000000E+00
   27800 -3.84106499E+00 -3.77461140E+00 -2.89612991E-02 -3.40697837E-03  0.00000000E+00  0.00000000E+00  0.00000000E+00  0.00000000E+00 -3.40853136E-02  0.00000000E+00  0.00000000E+00  0.00000000E+00  0.00000000E+00
   27900 -3.84106499E+00 -3.77461140E+00 -2.89613026E-02 -3.40696576E-03  0.00000000E+00  0.00000000E+00  0.00000000E+00  0.00000000E+00 -3.40853210E-02  0.00000000E+00  0.00000000E+00  0.00000000E+00  0.00000000E+00
   28000 -3.84106499E+00 -3.77461140E+00 -2.89613072E-02 -3.40697039E-03  0.00000000E+00  0.00000000E+00  0.00000000E+00  0.00000000E+00 -3.40853190E-02  0.00000000E+00  0.00000000E+00  0.00000000E+00  0.00000000E+00
   28100 -3.84106499E+00 -3.77461138E+00 -2.89613226E-02 -3.40697240E-03  0.00000000E+00  0.00000000E+00  0.00000000E+00  0.00000000E+00 -3.40853205E-02  0.00000000E+00  0.00000000E+00  0.00000000E+00  0.00000000E+00
   28200 -3.84106499E+00 -3.77461135E+00 -2.89613476E-02 -3.40697203E-03  0.00000000E+00  0.00000000E+00  0.00000000E+00  0.00000000E+00 -3.40853248E-02  0.00000000E+00  0.00000000E+00  0.00000000E+00  0.00000000E+00
   28300 -3.84106499E+00 -3.77461133E+00 -2.89613553E-02 -3.40698944E-03  0.00000000E+00  0.00000000E+00  0.00000000E+00  0.00000000E+00 -3.40853156E-02  0.00000000E+00  0.00000000E+00  0.00000000E+00  0.00000000E+00
   28400 -3.84106499E+00 -3.77461134E+00 -2.89613561E-02 -3.40697516E-03  0.00000000E+00  0.00000000E+00  0.00000000E+00  0.00000000E+00 -3.40853238E-02  0.00000000E+00  0.00000000E+00  0.00000000E+00  0.00000000E+00
   28500 -3.84106499E+00 -3.77461134E+00 -2.89613600E-02 -3.40696094E-03  0.00000000E+00  0.00000000E+00  0.00000000E+00  0.00000000E+00 -3.40853337E-02  0.00000000E+00  0.00000000E+00  0.00000000E+00  0.00000000E+00
   28600 -3.84106499E+00 -3.77461133E+00 -2.89613557E-02 -3.40698793E-03  0.00000000E+00  0.00000000E+00  0.00000000E+00  0.00000000E+00 -3.40853168E-02  0.00000000E+00  0.00000000E+00  0.00000000E+00  0.00000000E+00
   28700 -3.84106499E+00 -3.77461133E+00 -2.89613509E-02 -3.40700305E-03  0.00000000E+00  0.00000000E+00  0.00000000E+00  0.00000000E+00 -3.40853065E-02  0.00000000E+00  0.00000000E+00  0.00000000E+00  0.00000000E+00
   28800 -3.84106499E+00 -3.77461136E+00 -2.89613363E-02 -3.40698348E-03  0.00000000E+00  0.00000000E+00  0.00000000E+00  0.00000000E+00 -3.40853158E-02  0.00000000E+00  0.00000000E+00  0.00000000E+00  0.00000000E+00
   28900 -3.84106499E+00 -3.77461136E+00 -2.89613324E-02 -3.40699278E-03  0.00000000E+00  0.00000000E+00  0.00000000E+00  0.00000000E+00 -3.40853092E-02  0.00000000E+00  0.00000000E+00  0.00000000E+00  0.00000000E+00
   29000 -3.84106499E+00 -3.77461135E+00 -2.89613374E-02 -3.40699331E-03  0.00000000E+00  0.00000000E+00  0.00000000E+00  0.00000000E+00 -3.40853095E-02  0.00000000E+00  0.00000000E+00  0.00000000E+00  0.00000000E+00
   29100 -3.84106499E+00 -3.77461136E+00 -2.89613344E-02 -3.40697931E-03  0.00000000E+00  0.00000000E+00  0.00000000E+00  0.00000000E+00 -3.40853181E-02  0.00000000E+00  0.00000000E+00  0.00000000E+00  0.00000000E+00
   29200 -3.84106499E+00 -3.77461135E+00 -2.89613359E-02 -3.40700726E-03  0.00000000E+00  0.00000000E+00  0.00000000E+00  0.00000000E+00 -3.40853018E-02  0.00000000E+00  0.00000000E+00  0.00000000E+00  0.00000000E+00
   29300 -3.84106499E+00 -3.77461136E+00 -2.89613249E-02 -3.40700384E-03  0.00000000E+00  0.00000000E+00  0.00000000E+00  0.00000000E+00 -3.40853022E-02  0.00000000E+00  0.00000000E+00  0.00000000E+00  0.00000000E+00
   29400 -3.84106499E+00 -3.77461137E+00 -2.89613174E-02 -3.40699646E-03  0.00000000E+00  0.00000000E+00  0.00000000E+00  0.00000000E+00 -3.40853058E-02  0.00000000E+00  0.00000000E+00  0.00000000E+00  0.00000000E+00
   29500 -3.84106499E+00 -3.77461136E+00 -2.89613258E-02 -3.40699836E-03  0.00000000E+00  0.00000000E+00  0.00000000E+00  0.00000000E+00 -3.40853068E-02  0.00000000E+00  0.00000000E+00  0.00000000E+00  0.00000000E+00
   29600 -3.84106499E+00 -3.77461137E+00 -2.89613235E-02 -3.40698277E-03  0.00000000E+00  0.00000000E+00  0.00000000E+00  0.00000000E+00 -3.40853158E-02  0.00000000E+00  0.00000000E+00  0.00000000E+00  0.00000000E+00
   29700 -3.84106499E+00 -3.77461137E+00 -2.89613211E-02 -3.40699443E-03  0.00000000E+00  0.00000000E+00  0.00000000E+00  0.00000000E+00 -3.40853083E-02  0.00000000E+00  0.00000000E+00  0.00000000E+00  0.00000000E+00
   29800 -3.84106499E+00 -3.77461137E+00 -2.89613177E-02 -3.40699655E-03  0.00000000E+00  0.00000000E+00  0.00000000E+00  0.00000000E+00 -3.40853064E-02  0.00000000E+00  0.00000000E+00  0.00000000E+00  0.00000000E+00
   29900 -3.84106499E+00 -3.77461137E+00 -2.89613289E-02 -3.40698179E-03  0.00000000E+00  0.00000000E+00  0.00000000E+00  0.00000000E+00 -3.40853175E-02  0.00000000E+00  0.00000000E+00  0.00000000E+00  0.00000000E+00
