       16008
 Ntype:         104 Nbulk           9           1
 NEAREST NEIGHBOUR MAP
      ATOM   TYPE  CONNECTIVITY     NEIGHBOURS
    1  10  13      6    7   10   11   14   15   20   21   27   33   34   35
    2  11  13      3    5    6   22   23   25   26   27   97  100  108  128
    3  12  13      2    4    6    7   23   24   26   27   28   97   98  126
    4  13  13      3    7    8   24   27   28   98  103  110  116  122  131
    5  14  13      2    6    9   10   20   22   25   26   29   30  100  101
    6  15  13      1    2    3    5    7   10   20   21   23   26   27   30
    7  16  13      1    3    4    6    8   11   20   21   24   27   28   31
    8  17  13      4    7   11   12   21   28   31  103  104  116  120  122
    9  18  13      5   10   13   25   29   30   32   33   96  101  109  129
   10  19  13      1    5    6    9   13   14   20   26   30   32   33   34
   11  20  13      1    7    8   12   15   16   21   28   31   34   35  114
   12  21  13      8   11   16   31   35  104  106  112  114  116  120  214
   13  22  13      9   10   14   17   30   32   33   36   37   96   99  125
   14  23  13      1   10   13   15   17   18   20   33   34   36   37   38
   15  24  13      1   11   14   16   18   19   21   34   35   37   38  115
   16  25  13     11   12   15   19   31   35   38  106  107  114  115  213
   17  26  13     13   14   18   33   36   37   99  102  111  117  123  130
   18  27  13     14   15   17   19   34   37   38  102  105  117  121  123
   19  28  13     15   16   18   35   38  105  107  113  115  117  121  215
   20  29  19      1    5    6    7   10   14   21   26   27   30   33   34   39   41   44
                                45   48   49
   21  30  19      1    6    7    8   11   15   20   27   28   31   34   35   39   42   45
                                46   49   50
   22  31  19      2    5   23   25   26   40   41   97  100  108  127  128  132  134  135
                               137  229  249
   23  32  19      2    3    6   22   24   26   27   40   41   42   97   98  108  124  126
                               127  128  234
   24  33  19      3    4    7   23   27   28   41   42   97   98  110  119  122  124  126
                               131  140  231
   25  34  19      2    5    9   22   26   29   30   40   43   44  100  101  132  133  134
                               135  136  221
   26  35  19      2    3    5    6   10   20   22   23   25   27   30   40   41   43   44
                                45  100  127
   27  36  19      1    2    3    4    6    7   20   21   23   24   26   28   41   42   44
                                45   46  124
   28  37  19      3    4    7    8   11   21   24   27   31   42   45   46  103  116  118
                               119  122  140
   29  38  19      5    9   25   30   32   43   47   48   96  101  109  129  132  133  136
                               138  154  230
   30  39  19      5    6    9   10   13   20   25   26   29   32   33   39   40   43   44
                                47   48  101
   31  40  19      7    8   11   12   16   21   28   35   46   49   50  104  114  116  118
                               119  120  141
   32  41  19      9   10   13   29   30   33   36   43   47   48   51   52   96   99  109
                               125  129  147
   33  42  19      1    9   10   13   14   17   20   30   32   34   36   37   39   44   48
                                51   52   53
   34  43  19      1   10   11   14   15   18   20   21   33   35   37   38   39   45   49
                                52   53   54
   35  44  19      1   11   12   15   16   19   21   31   34   38   46   49   50   53   54
                               114  115  139
   36  45  19     13   14   17   32   33   37   48   51   52   55   56   96   99  111  123
                               125  130  146
   37  46  19     13   14   15   17   18   33   34   36   38   39   52   53   55   56   57
                               102  117  123
   38  47  19     14   15   16   18   19   34   35   37   49   53   54   56   57  105  115
                               117  121  142
   39  48  19     20   21   30   33   34   37   44   45   48   49   52   53   58   63   67
                                70   71   72
   40  49  19     22   23   25   26   30   41   43   44   59   62   63  127  132  134  135
                               150  151  166
   41  50  19     20   22   23   24   26   27   40   42   44   45   59   60   62   63   64
                               124  127  158
   42  51  19     21   23   24   27   28   41   45   46   60   61   63   64   65  119  122
                               124  140  159
   43  52  19     25   26   29   30   32   40   44   47   48   62   66   67  132  133  136
                               150  151  156
   44  53  19     20   25   26   27   30   33   39   40   41   43   45   48   58   59   62
                                63   66   67
   45  54  19     20   21   26   27   28   34   39   41   42   44   46   49   58   60   63
                                64   67   68
   46  55  19     21   27   28   31   35   42   45   49   50   58   61   64   65   68   69
                               116  118  119
   47  56  19     29   30   32   43   48   51   66   70  125  129  136  138  147  148  151
                               154  156  310
   48  57  19     20   29   30   32   33   36   39   43   44   47   51   52   62   66   67
                                70   71  148
   49  58  19     20   21   31   34   35   38   39   45   46   50   53   54   58   64   68
                                71   72   73
   50  59  19     21   31   35   46   49   54   65   68   69   72   73  114  115  118  120
                               139  141  162
   51  60  19     32   33   36   47   48   52   55   66   70   74  125  129  130  146  147
                               148  149  281
   52  61  19     32   33   34   36   37   39   48   51   53   55   56   67   70   71   74
                                75  123  149
   53  62  19     33   34   35   37   38   39   49   52   54   56   57   58   71   72   74
                                75   76  117
   54  63  19     34   35   38   49   50   53   57   68   72   73   75   76  114  115  121
                               139  142  163
   55  64  19     36   37   51   52   56   70   74  123  125  130  144  146  149  152  155
                               157  237  306
   56  65  19     36   37   38   52   53   55   57   71   74   75  117  123  143  144  152
                               153  157  219
   57  66  19     37   38   53   54   56   72   75   76  115  117  121  142  143  145  152
                               153  169  217
   58  67  19     39   44   45   46   49   53   63   64   67   68   71   72   77   82   86
                                89   90   91
   59  68  19     40   41   44   60   62   63   78   81   82  124  127  135  150  158  166
                               170  172  190
   60  69  19     41   42   45   59   61   63   64   78   79   81   82   83  124  127  140
                               158  159  182
   61  70  19     42   46   60   64   65   79   80   82   83   84  119  124  140  159  160
                               167  191  224
   62  71  19     40   41   43   44   48   59   63   66   67   81   85   86  132  150  151
                               170  172  173
   63  72  19     39   40   41   42   44   45   58   59   60   62   64   67   77   78   81
                                82   85   86
   64  73  19     41   42   45   46   49   58   60   61   63   65   68   77   79   82   83
                                86   87  119
   65  74  19     42   46   50   61   64   68   69   77   80   83   84   87   88  118  119
                               160  161  216
   66  75  19     43   44   47   48   51   62   67   70   85   89  136  148  151  156  164
                               170  173  328
   67  76  19     39   43   44   45   48   52   58   62   63   66   70   71   81   85   86
                                89   90  164
   68  77  19     45   46   49   50   54   58   64   65   69   72   73   77   83   87   90
                                91   92  118
   69  78  19     46   50   65   68   73   84   87   88   91   92  118  139  141  161  162
                               168  192  225
   70  79  19     39   47   48   51   52   55   66   67   71   74   85   89   93  148  149
                               164  165  298
   71  80  19     39   48   49   52   53   56   58   67   70   72   74   75   86   89   90
                                93   94  165
   72  81  19     39   49   50   53   54   57   58   68   71   73   75   76   77   90   91
                                93   94   95
   73  82  19     49   50   54   68   69   72   76   87   91   92   94   95  139  141  142
                               162  163  189
   74  83  19     51   52   53   55   56   70   71   75   89   93  144  149  152  157  165
                               171  175  333
   75  84  19     52   53   54   56   57   71   72   74   76   90   93   94  143  152  153
                               171  174  175
   76  85  19     53   54   57   72   73   75   91   94   95  139  142  145  153  163  169
                               171  174  193
   77  86  19     58   63   64   65   68   72   82   83   86   87   90   91  176  177  178
                               180  185  187
   78  87  19     59   60   63   79   81   82  158  159  166  172  182  183  185  190  194
                               202  205  459
   79  88  19     60   61   64   78   80   82   83  158  159  167  182  183  185  191  198
                               202  204  455
   80  89  19     61   65   79   83   84  159  160  167  185  191  198  201  204  206  210
                               211  312  527
   81  90  19     59   60   62   63   67   78   82   85   86  150  170  172  176  179  183
                               194  195  205
   82  91  19     58   59   60   61   63   64   77   78   79   81   83   86  176  179  180
                               183  185  202
   83  92  19     60   61   64   65   68   77   79   80   82   84   87  160  176  180  185
                               196  198  204
   84  93  19     61   65   69   80   83   87   88  160  161  180  196  198  200  201  210
                               211  212  290
   85  94  19     62   63   66   67   70   81   86   89  151  164  170  173  177  179  184
                               194  195  371
   86  95  19     58   62   63   64   67   71   77   81   82   85   89   90  176  177  178
                               179  183  184
   87  96  19     64   65   68   69   73   77   83   84   88   91   92  161  178  180  187
                               196  198  207
   88  97  19     65   69   84   87   92  161  162  168  187  192  196  200  207  209  210
                               212  324  533
   89  98  19     58   66   67   70   71   74   85   86   90   93  164  165  177  179  181
                               184  186  360
   90  99  19     58   67   68   71   72   75   77   86   89   91   93   94  176  177  178
                               181  186  188
   91 100  19     58   68   69   72   73   76   77   87   90   92   94   95  178  180  181
                               187  188  203
   92 101  19     68   69   73   87   88   91   95  162  163  168  187  188  189  192  196
                               203  207  482
   93 102  19     70   71   72   74   75   89   90   94  152  165  171  175  177  181  186
                               197  199  370
   94 103  19     71   72   73   75   76   90   91   93   95  153  171  174  178  181  188
                               197  199  208
   95 104  19     72   73   76   91   92   94  162  163  169  174  187  188  189  193  197
                               203  208  483
 --Info-for-bulcri------------------
    2
    2
    2
    2
    2
    2
    2
    2
    2
    2
    2
    2
    2
    2
    2
    2
    2
    2
    2
    3
    3
    3
    3
    3
    3
    3
    3
    3
    3
    3
    3
    3
    3
    3
    3
    3
    3
    3
    4
    4
    4
    4
    4
    4
    4
    4
    4
    4
    4
    4
    4
    4
    4
    4
    4
    4
    4
    5
    5
    5
    5
    5
    5
    5
    5
    5
    5
    5
    5
    5
    5
    5
    5
    5
    5
    5
    6
    6
    6
    6
    6
    6
    6
    6
    6
    6
    6
    6
    6
    6
    6
    6
    6
    6
    6
    2
    2
    2
    2
    2
    2
    2
    2
    2
    2
    2
    2
    2
    2
    2
    2
    2
    2
    3
    3
    3
    3
    4
    4
    3
    3
    3
    3
    4
    3
    3
    4
    3
    3
    3
    3
    4
    3
    3
    4
    4
    3
    3
    4
    4
    4
    4
    4
    4
    4
    4
    4
    5
    5
    5
    5
    5
    5
    4
    4
    5
    5
    5
    5
    5
    5
    5
    5
    6
    6
    5
    5
    5
    5
    6
    6
    6
    6
    6
    6
    7
    7
    7
    7
    7
    7
    6
    7
    7
    7
    7
    7
    7
    6
    6
    6
    6
    6
    7
    7
    7
    7
    7
    7
    6
    6
    7
    7
    7
    7
    6
    7
    7
    6
    7
    7
    7
 --Info-for-control-----------------
NTYPE= 104 NMAX=   533 NBAS=   212 NREC=    95
     19     13     19     19     19     19     19     19     19
    902    545    535    592    547    563    534    537    622
